{"numFailedTestSuites":115,"numFailedTests":155,"numPassedTestSuites":224,"numPassedTests":454,"numPendingTestSuites":0,"numPendingTests":1,"numRuntimeErrorTestSuites":0,"numTodoTests":14,"numTotalTestSuites":339,"numTotalTests":624,"openHandles":[],"snapshot":{"added":0,"didUpdate":false,"failure":false,"filesAdded":0,"filesRemoved":0,"filesRemovedList":[],"filesUnmatched":0,"filesUpdated":0,"matched":0,"total":0,"unchecked":0,"uncheckedKeysByFile":[],"unmatched":0,"updated":0},"startTime":1756202394705,"success":false,"testResults":[{"assertionResults":[{"ancestorTitles":[],"duration":143,"failureDetails":[],"failureMessages":[],"fullName":"Mark all read calls API and updates list + toast","invocations":1,"location":null,"numPassingAsserts":1,"retryReasons":[],"status":"passed","title":"Mark all read calls API and updates list + toast"},{"ancestorTitles":[],"duration":1074,"failureDetails":[{"matcherResult":{"actual":20,"expected":2,"message":"expect(received).toBe(expected) // Object.is equality\n\nExpected: 2\nReceived: 20","name":"toBe","pass":false}}],"failureMessages":["Error: expect(received).toBe(expected) // Object.is equality\n\nExpected: 2\nReceived: 20\n\nIgnored nodes: comments, script, style\n\u001b[36m<html>\u001b[39m\n  \u001b[36m<head />\u001b[39m\n  \u001b[36m<body>\u001b[39m\n    \u001b[36m<div>\u001b[39m\n      \u001b[36m<div\u001b[39m\n        \u001b[33mdata-testid\u001b[39m=\u001b[32m\"notif-list\"\u001b[39m\n      \u001b[36m>\u001b[39m\n        \u001b[36m<div\u001b[39m\n          \u001b[33mclass\u001b[39m=\u001b[32m\"flex items-center justify-between mb-2\"\u001b[39m\n        \u001b[36m>\u001b[39m\n          \u001b[36m<span\u001b[39m\n            \u001b[33mclass\u001b[39m=\u001b[32m\"font-medium\"\u001b[39m\n          \u001b[36m>\u001b[39m\n            \u001b[0mNotifications\u001b[0m\n          \u001b[36m</span>\u001b[39m\n          \u001b[36m<button\u001b[39m\n            \u001b[33maria-label\u001b[39m=\u001b[32m\"Mark all notifications as read\"\u001b[39m\n            \u001b[33mclass\u001b[39m=\u001b[32m\"underline text-xs\"\u001b[39m\n            \u001b[33mdata-testid\u001b[39m=\u001b[32m\"notif-mark-all\"\u001b[39m\n            \u001b[33mtitle\u001b[39m=\u001b[32m\"Mark all read\"\u001b[39m\n          \u001b[36m>\u001b[39m\n            \u001b[0mMark all\u001b[0m\n          \u001b[36m</button>\u001b[39m\n        \u001b[36m</div>\u001b[39m\n        \u001b[36m<ul\u001b[39m\n          \u001b[33mclass\u001b[39m=\u001b[32m\"space-y-2\"\u001b[39m\n        \u001b[36m>\u001b[39m\n          \u001b[36m<li\u001b[39m\n            \u001b[33mclass\u001b[39m=\u001b[32m\"flex items-center justify-between gap-2\"\u001b[39m\n            \u001b[33mdata-testid\u001b[39m=\u001b[32m\"notif-item\"\u001b[39m\n          \u001b[36m>\u001b[39m\n            \u001b[36m<div\u001b[39m\n              \u001b[33mclass\u001b[39m=\u001b[32m\"\"\u001b[39m\n            \u001b[36m>\u001b[39m\n              \u001b[36m<span>\u001b[39m\n                \u001b[0msubmission:graded\u001b[0m\n              \u001b[36m</span>\u001b[39m\n              \u001b[36m<span\u001b[39m\n                \u001b[33mclass\u001b[39m=\u001b[32m\"ml-2\"\u001b[39m\n              \u001b[36m>\u001b[39m\n                \u001b[0mScore: \u001b[0m\n                \u001b[0m80\u001b[0m\n              \u001b[36m</span>\u001b[39m\n            \u001b[36m</div>\u001b[39m\n            \u001b[36m<button\u001b[39m\n              \u001b[33maria-label\u001b[39m=\u001b[32m\"Mark notification no-0000 as read\"\u001b[39m\n              \u001b[33mclass\u001b[39m=\u001b[32m\"underline text-xs\"\u001b[39m\n              \u001b[33mdata-testid\u001b[39m=\u001b[32m\"notif-read-btn\"\u001b[39m\n            \u001b[36m>\u001b[39m\n              \u001b[0mRead\u001b[0m\n            \u001b[36m</button>\u001b[39m\n          \u001b[36m</li>\u001b[39m\n          \u001b[36m<li\u001b[39m\n            \u001b[33mclass\u001b[39m=\u001b[32m\"flex items-center justify-between gap-2\"\u001b[39m\n            \u001b[33mdata-testid\u001b[39m=\u001b[32m\"notif-item\"\u001b[39m\n          \u001b[36m>\u001b[39m\n            \u001b[36m<div\u001b[39m\n              \u001b[33mclass\u001b[39m=\u001b[32m\"text-gray-500\"\u001b[39m\n            \u001b[36m>\u001b[39m\n              \u001b[36m<span>\u001b[39m\n                \u001b[0mmessage:new\u001b[0m\n              \u001b[36m</span>\u001b[39m\n              \u001b[36m<a\u001b[39m\n                \u001b[33mclass\u001b[39m=\u001b[32m\"ml-2 underline\"\u001b[39m\n                \u001b[33mhref\u001b[39m=\u001b[32m\"/labs/system/inbox?thread=th-1\"\u001b[39m\n              \u001b[36m>\u001b[39m\n                \u001b[0mOpen thread\u001b[0m\n              \u001b[36m</a>\u001b[39m\n            \u001b[36m</div>\u001b[39m\n          \u001b[36m</li>\u001b[39m\n          \u001b[36m<li\u001b[39m\n            \u001b[33mclass\u001b[39m=\u001b[32m\"flex items-center justify-between gap-2\"\u001b[39m\n            \u001b[33mdata-testid\u001b[39m=\u001b[32m\"notif-item\"\u001b[39m\n          \u001b[36m>\u001b[39m\n            \u001b[36m<div\u001b[39m\n              \u001b[33mclass\u001b[39m=\u001b[32m\"text-gray-500\"\u001b[39m\n            \u001b[36m>\u001b[39m\n              \u001b[36m<span>\u001b[39m\n                \u001b[0mannouncement:published\u001b[0m\n              \u001b[36m</span>\u001b[39m\n            \u001b[36m</div>\u001b[39m\n          \u001b[36m</li>\u001b[39m\n          \u001b[36m<li\u001b[39m\n            \u001b[33mclass\u001b[39m=\u001b[32m\"flex items-center justify-between gap-2\"\u001b[39m\n            \u001b[33mdata-testid\u001b[39m=\u001b[32m\"notif-item\"\u001b[39m\n          \u001b[36m>\u001b[39m\n            \u001b[36m<div\u001b[39m\n              \u001b[33mclass\u001b[39m=\u001b[32m\"text-gray-500\"\u001b[39m\n            \u001b[36m>\u001b[39m\n              \u001b[36m<span>\u001b[39m\n                \u001b[0msubmission:graded\u001b[0m\n              \u001b[36m</span>\u001b[39m\n              \u001b[36m<span\u001b[39m\n                \u001b[33mclass\u001b[39m=\u001b[32m\"ml-2\"\u001b[39m\n              \u001b[36m>\u001b[39m\n                \u001b[0mScore: \u001b[0m\n                \u001b[0m83\u001b[0m\n              \u001b[36m</span>\u001b[39m\n            \u001b[36m</div>\u001b[39m\n          \u001b[36m</li>\u001b[39m\n          \u001b[36m<li\u001b[39m\n            \u001b[33mclass\u001b[39m=\u001b[32m\"flex items-center justify-between gap-2\"\u001b[39m\n            \u001b[33mdata-testid\u001b[39m=\u001b[32m\"notif-item\"\u001b[39m\n          \u001b[36m>\u001b[39m\n            \u001b[36m<div\u001b[39m\n              \u001b[33mclass\u001b[39m=\u001b[32m\"text-gray-500\"\u001b[39m\n            \u001b[36m>\u001b[39m\n              \u001b[36m<span>\u001b[39m\n                \u001b[0mmessage:new\u001b[0m\n              \u001b[36m</span>\u001b[39m\n              \u001b[36m<a\u001b[39m\n                \u001b[33mclass\u001b[39m=\u001b[32m\"ml-2 underline\"\u001b[39m\n                \u001b[33mhref\u001b[39m=\u001b[32m\"/labs/system/inbox?thread=th-4\"\u001b[39m\n              \u001b[36m>\u001b[39m\n                \u001b[0mOpen thread\u001b[0m\n              \u001b[36m</a>\u001b[39m\n            \u001b[36m</div>\u001b[39m\n          \u001b[36m</li>\u001b[39m\n          \u001b[36m<li\u001b[39m\n            \u001b[33mclass\u001b[39m=\u001b[32m\"flex items-center justify-between gap-2\"\u001b[39m\n            \u001b[33mdata-testid\u001b[39m=\u001b[32m\"notif-item\"\u001b[39m\n          \u001b[36m>\u001b[39m\n            \u001b[36m<div\u001b[39m\n              \u001b[33mclass\u001b[39m=\u001b[32m\"\"\u001b[39m\n            \u001b[36m>\u001b[39m\n              \u001b[36m<span>\u001b[39m\n                \u001b[0mannouncement:published\u001b[0m\n              \u001b[36m</span>\u001b[39m\n            \u001b[36m</div>\u001b[39m\n            \u001b[36m<button\u001b[39m\n              \u001b[33maria-label\u001b[39m=\u001b[32m\"Mark notification no-0005 as read\"\u001b[39m\n              \u001b[33mclass\u001b[39m=\u001b[32m\"underline text-xs\"\u001b[39m\n              \u001b[33mdata-testid\u001b[39m=\u001b[32m\"notif-read-btn\"\u001b[39m\n            \u001b[36m>\u001b[39m\n              \u001b[0mRead\u001b[0m\n            \u001b[36m</button>\u001b[39m\n          \u001b[36m</li>\u001b[39m\n          \u001b[36m<li\u001b[39m\n            \u001b[33mclass\u001b[39m=\u001b[32m\"flex items-center justify-between gap-2\"\u001b[39m\n            \u001b[33mdata-testid\u001b[39m=\u001b[32m\"notif-item\"\u001b[39m\n          \u001b[36m>\u001b[39m\n            \u001b[36m<div\u001b[39m\n              \u001b[33mclass\u001b[39m=\u001b[32m\"text-gray-500\"\u001b[39m\n            \u001b[36m>\u001b[39m\n              \u001b[36m<span>\u001b[39m\n                \u001b[0msubmission:graded\u001b[0m\n              \u001b[36m</span>\u001b[39m\n              \u001b[36m<span\u001b[39m\n                \u001b[33mclass\u001b[39m=\u001b[32m\"ml-2\"\u001b[39m\n              \u001b[36m>\u001b[39m\n                \u001b[0mScore: \u001b[0m\n                \u001b[0m86\u001b[0m\n              \u001b[36m</span>\u001b[39m\n            \u001b[36m</div>\u001b[39m\n          \u001b[36m</li>\u001b[39m\n          \u001b[36m<li\u001b[39m\n            \u001b[33mclass\u001b[39m=\u001b[32m\"flex items-center justify-between gap-2\"\u001b[39m\n            \u001b[33mdata-testid\u001b[39m=\u001b[32m\"notif-item\"\u001b[39m\n          \u001b[36m>\u001b[39m\n            \u001b[36m<div\u001b[39m\n              \u001b[33mclass\u001b[39m=\u001b[32m\"text-gray-500\"\u001b[39m\n            \u001b[36m>\u001b[39m\n              \u001b[36m<span>\u001b[39m\n                \u001b[0mmessage:new\u001b[0m\n              \u001b[36m</span>\u001b[39m\n              \u001b[36m<a\u001b[39m\n                \u001b[33mclass\u001b[39m=\u001b[32m\"ml-2 underline\"\u001b[39m\n                \u001b[33mhref\u001b[39m=\u001b[32m\"/labs/system/inbox?thread=th-7\"\u001b[39m\n              \u001b[36m>\u001b[39m\n                \u001b[0mOpen thread\u001b[0m\n              \u001b[36m</a>\u001b[39m\n            \u001b[36m</div>\u001b[39m\n          \u001b[36m</li>\u001b[39m\n          \u001b[36m<li\u001b[39m\n            \u001b[33mclass\u001b[39m=\u001b[32m\"flex items-center justify-between gap-2\"\u001b[39m\n            \u001b[33mdata-testid\u001b[39m=\u001b[32m\"notif-item\"\u001b[39m\n          \u001b[36m>\u001b[39m\n            \u001b[36m<div\u001b[39m\n              \u001b[33mclass\u001b[39m=\u001b[32m\"text-gray-500\"\u001b[39m\n            \u001b[36m>\u001b[39m\n              \u001b[36m<span>\u001b[39m\n                \u001b[0mannouncement:published\u001b[0m\n              \u001b[36m</span>\u001b[39m\n            \u001b[36m</div>\u001b[39m\n          \u001b[36m</li>\u001b[39m\n          \u001b[36m<li\u001b[39m\n            \u001b[33mclass\u001b[39m=\u001b[32m\"flex items-center justify-between gap-2\"\u001b[39m\n            \u001b[33mdata-testid\u001b[39m=\u001b[32m\"notif-item\"\u001b[39m\n          \u001b[36m>\u001b[39m\n            \u001b[36m<div\u001b[39m\n              \u001b[33mclass\u001b[39m=\u001b[32m\"text-gray-500\"\u001b[39m\n            \u001b[36m>\u001b[39m\n              \u001b[36m<span>\u001b[39m\n                \u001b[0msubmission:graded\u001b[0m\n              \u001b[36m</span>\u001b[39m\n              \u001b[36m<span\u001b[39m\n                \u001b[33mclass\u001b[39m=\u001b[32m\"ml-2\"\u001b[39m\n              \u001b[36m>\u001b[39m\n                \u001b[0mScore: \u001b[0m\n                \u001b[0m89\u001b[0m\n              \u001b[36m</span>\u001b[39m\n            \u001b[36m</div>\u001b[39m\n          \u001b[36m</li>\u001b[39m\n          \u001b[36m<li\u001b[39m\n            \u001b[33mclass\u001b[39m=\u001b[32m\"flex items-center justify-between gap-2\"\u001b[39m\n            \u001b[33mdata-testid\u001b[39m=\u001b[32m\"notif-item\"\u001b[39m\n          \u001b[36m>\u001b[39m\n            \u001b[36m<div\u001b[39m\n              \u001b[33mclass\u001b[39m=\u001b[32m\"\"\u001b[39m\n            \u001b[36m>\u001b[39m\n              \u001b[36m<span>\u001b[39m\n                \u001b[0mmessage:new\u001b[0m\n              \u001b[36m</span>\u001b[39m\n              \u001b[36m<a\u001b[39m\n                \u001b[33mclass\u001b[39m=\u001b[32m\"ml-2 underline\"\u001b[39m\n                \u001b[33mhref\u001b[39m=\u001b[32m\"/labs/system/inbox?thread=th-10\"\u001b[39m\n              \u001b[36m>\u001b[39m\n                \u001b[0mOpen thread\u001b[0m\n              \u001b[36m</a>\u001b[39m\n            \u001b[36m</div>\u001b[39m\n            \u001b[36m<button\u001b[39m\n              \u001b[33maria-label\u001b[39m=\u001b[32m\"Mark notification no-0010 as read\"\u001b[39m\n              \u001b[33mclass\u001b[39m=\u001b[32m\"underline text-xs\"\u001b[39m\n              \u001b[33mdata-testid\u001b[39m=\u001b[32m\"notif-read-btn\"\u001b[39m\n            \u001b[36m>\u001b[39m\n              \u001b[0mRead\u001b[0m\n            \u001b[36m</button>\u001b[39m\n          \u001b[36m</li>\u001b[39m\n          \u001b[36m<li\u001b[39m\n            \u001b[33mclass\u001b[39m=\u001b[32m\"flex items-center justify-between gap-2\"\u001b[39m\n            \u001b[33mdata-testid\u001b[39m=\u001b[32m\"notif-item\"\u001b[39m\n          \u001b[36m>\u001b[39m\n            \u001b[36m<div\u001b[39m\n              \u001b[33mclass\u001b[39m=\u001b[32m\"text-gray-500\"\u001b[39m\n            \u001b[36m>\u001b[39m\n              \u001b[36m<span>\u001b[39m\n                \u001b[0mannouncement:published\u001b[0m\n              \u001b[36m</span>\u001b[39m\n            \u001b[36m</div>\u001b[39m\n          \u001b[36m</li>\u001b[39m\n          \u001b[36m<li\u001b[39m\n            \u001b[33mclass\u001b[39m=\u001b[32m\"flex items-center justify-between gap-2\"\u001b[39m\n            \u001b[33mdata-testid\u001b[39m=\u001b[32m\"notif-item\"\u001b[39m\n          \u001b[36m>\u001b[39m\n            \u001b[36m<div\u001b[39m\n              \u001b[33mclass\u001b[39m=\u001b[32m\"text-gray-500\"\u001b[39m\n            \u001b[36m>\u001b[39m\n              \u001b[36m<span>\u001b[39m\n                \u001b[0msubmission:graded\u001b[0m\n              \u001b[36m</span>\u001b[39m\n              \u001b[36m<span\u001b[39m\n                \u001b[33mclass\u001b[39m=\u001b[32m\"ml-2\"\u001b[39m\n              \u001b[36m>\u001b[39m\n                \u001b[0mScore: \u001b[0m\n                \u001b[0m92\u001b[0m\n              \u001b[36m</span>\u001b[39m\n            \u001b[36m</div>\u001b[39m\n          \u001b[36m</li>\u001b[39m\n          \u001b[36m<li\u001b[39m\n            \u001b[33mclass\u001b[39m=\u001b[32m\"flex items-center justify-between gap-2\"\u001b[39m\n            \u001b[33mdata-testid\u001b[39m=\u001b[32m\"notif-item\"\u001b[39m\n          \u001b[36m>\u001b[39m\n            \u001b[36m<div\u001b[39m\n              \u001b[33mclass\u001b[39m=\u001b[32m\"text-gray-500\"\u001b[39m\n            \u001b[36m>\u001b[39m\n              \u001b[36m<span>\u001b[39m\n                \u001b[0mmessage:new\u001b[0m\n              \u001b[36m</span>\u001b[39m\n              \u001b[36m<a\u001b[39m\n                \u001b[33mclass\u001b[39m=\u001b[32m\"ml-2 underline\"\u001b[39m\n                \u001b[33mhref\u001b[39m=\u001b[32m\"/labs/system/inbox?thread=th-13\"\u001b[39m\n              \u001b[36m>\u001b[39m\n                \u001b[0mOpen thread\u001b[0m\n              \u001b[36m</a>\u001b[39m\n            \u001b[36m</div>\u001b[39m\n          \u001b[36m</li>\u001b[39m\n          \u001b[36m<li\u001b[39m\n            \u001b[33mclass\u001b[39m=\u001b[32m\"flex items-center justify-between gap-2\"\u001b[39m\n            \u001b[33mdata-testid\u001b[39m=\u001b[32m\"notif-item\"\u001b[39m\n          \u001b[36m>\u001b[39m\n            \u001b[36m<div\u001b[39m\n              \u001b[33mclass\u001b[39m=\u001b[32m\"text-gray-500\"\u001b[39m\n            \u001b[36m>\u001b[39m\n              \u001b[36m<span>\u001b[39m\n                \u001b[0mannouncement:published\u001b[0m\n              \u001b[36m</span>\u001b[39m\n            \u001b[36m</div>\u001b[39m\n          \u001b[36m</li>\u001b[39m\n          \u001b[36m<li\u001b[39m\n            \u001b[33mclass\u001b[39m=\u001b[32m\"flex items-center justify-between gap-2\"\u001b[39m\n            \u001b[33mdata-testid\u001b[39m=\u001b[32m\"notif-item\"\u001b[39m\n          \u001b[36m>\u001b[39m\n            \u001b[36m<div\u001b[39m\n              \u001b[33mclass\u001b[39m=\u001b[32m\"\"\u001b[39m\n            \u001b[36m>\u001b[39m\n              \u001b[36m<span>\u001b[39m\n                \u001b[0msubmission:graded\u001b[0m\n              \u001b[36m</span>\u001b[39m\n              \u001b[36m<span\u001b[39m\n                \u001b[33mclass\u001b[39m=\u001b[32m\"ml-2\"\u001b[39m\n              \u001b[36m>\u001b[39m\n                \u001b[0mScore: \u001b[0m\n                \u001b[0m95\u001b[0m\n              \u001b[36m</span>\u001b[39m\n            \u001b[36m</div>\u001b[39m\n            \u001b[36m<button\u001b[39m\n              \u001b[33maria-label\u001b[39m=\u001b[32m\"Mark notification no-0015 as read\"\u001b[39m\n              \u001b[33mclass\u001b[39m=\u001b[32m\"underline text-xs\"\u001b[39m\n              \u001b[33mdata-testid\u001b[39m=\u001b[32m\"notif-read-btn\"\u001b[39m\n            \u001b[36m>\u001b[39m\n              \u001b[0mRead\u001b[0m\n            \u001b[36m</button>\u001b[39m\n          \u001b[36m</li>\u001b[39m\n          \u001b[36m<li\u001b[39m\n            \u001b[33mclass\u001b[39m=\u001b[32m\"flex items-center justify-between gap-2\"\u001b[39m\n            \u001b[33mdata-testid\u001b[39m=\u001b[32m\"notif-item\"\u001b[39m\n          \u001b[36m>\u001b[39m\n            \u001b[36m<div\u001b[39m\n              \u001b[33mclass\u001b[39m=\u001b[32m\"text-gray-500\"\u001b[39m\n            \u001b[36m>\u001b[39m\n              \u001b[36m<span>\u001b[39m\n                \u001b[0mmessage:new\u001b[0m\n              \u001b[36m</span>\u001b[39m\n              \u001b[36m<a\u001b[39m\n                \u001b[33mclass\u001b[39m=\u001b[32m\"ml-2 underline\"\u001b[39m\n                \u001b[33mhref\u001b[39m=\u001b[32m\"/labs/system/inbox?thread=th-16\"\u001b[39m\n              \u001b[36m>\u001b[39m\n                \u001b[0mOpen thread\u001b[0m\n              \u001b[36m</a>\u001b[39m\n            \u001b[36m</div>\u001b[39m\n          \u001b[36m</li>\u001b[39m\n          \u001b[36m<li\u001b[39m\n            \u001b[33mclass\u001b[39m=\u001b[32m\"flex items-center justify-between gap-2\"\u001b[39m\n            \u001b[33mdata-testid\u001b[39m=\u001b[32m\"notif-item\"\u001b[39m\n          \u001b[36m>\u001b[39m\n            \u001b[36m<div\u001b[39m\n              \u001b[33mclass\u001b[39m=\u001b[32m\"text-gray-500\"\u001b[39m\n            \u001b[36m>\u001b[39m\n              \u001b[36m<span>\u001b[39m\n                \u001b[0mannouncement:published\u001b[0m\n              \u001b[36m</span>\u001b[39m\n            \u001b[36m</div>\u001b[39m\n          \u001b[36m</li>\u001b[39m\n          \u001b[36m<li\u001b[39m\n            \u001b[33mclass\u001b[39m=\u001b[32m\"flex items-center justify-between gap-2\"\u001b[39m\n            \u001b[33mdata-testid\u001b[39m=\u001b[32m\"notif-item\"\u001b[39m\n          \u001b[36m>\u001b[39m\n            \u001b[36m<div\u001b[39m\n              \u001b[33mclass\u001b[39m=\u001b[32m\"text-gray-500\"\u001b[39m\n            \u001b[36m>\u001b[39m\n              \u001b[36m<span>\u001b[39m\n                \u001b[0msubmission:graded\u001b[0m\n              \u001b[36m</span>\u001b[39m\n              \u001b[36m<span\u001b[39m\n                \u001b[33mclass\u001b[39m=\u001b[32m\"ml-2\"\u001b[39m\n              \u001b[36m>\u001b[39m\n                \u001b[0mScore: \u001b[0m\n                \u001b[0m98\u001b[0m\n              \u001b[36m</span>\u001b[39m\n            \u001b[36m</div>\u001b[39m\n          \u001b[36m</li>\u001b[39m\n          \u001b[36m<li\u001b[39m\n            \u001b[33mclass\u001b[39m=\u001b[32m\"flex items-center justify-between gap-2\"\u001b[39m\n            \u001b[33mdata-testid\u001b[39m=\u001b[32m\"notif-item\"\u001b[39m\n          \u001b[36m>\u001b[39m\n            \u001b[36m<div\u001b[39m\n              \u001b[33mclass\u001b[39m=\u001b[32m\"text-gray-500\"\u001b[39m\n            \u001b[36m>\u001b[39m\n              \u001b[36m<span>\u001b[39m\n                \u001b[0mmessage:new\u001b[0m\n              \u001b[36m</span>\u001b[39m\n              \u001b[36m<a\u001b[39m\n                \u001b[33mclass\u001b[39m=\u001b[32m\"ml-2 underline\"\u001b[39m\n                \u001b[33mhref\u001b[39m=\u001b[32m\"/labs/system/inbox?thread=th-19\"\u001b[39m\n              \u001b[36m>\u001b[39m\n                \u001b[0mOpen thread\u001b[0m\n              \u001b[36m</a>\u001b[39m\n            \u001b[36m</div>\u001b[39m\n          \u001b[36m</li>\u001b[39m\n        \u001b[36m</ul>\u001b[39m\n        \u001b[36m<div\u001b[39m\n          \u001b[33mclass\u001b[39m=\u001b[32m\"mt-2 flex justify-end\"\u001b[39m\n        \u001b[36m>\u001b[39m\n          \u001b[36m<button\u001b[39m\n            \u001b[33mclass\u001b[39m=\u001b[32m\"underline text-xs\"\u001b[39m\n            \u001b[33mdata-testid\u001b[39m=\u001b[32m\"notif-load-more\"\u001b[39m\n          \u001b[36m>\u001b[39m\n            \u001b[0mLoad more\u001b[0m\n          \u001b[36m</button>\u001b[39m\n        \u001b[36m</div>\u001b[39m\n      \u001b[36m</div>\u001b[39m\n    \u001b[36m</div>\u001b[39m\n  \u001b[36m</body>\u001b[39m\n\u001b[36m</html>\u001b[39m\n    at C:\\Users\\agafn\\Desktop\\education system 5\\tests\\unit\\ui\\NotificationsDropdownClient.spec.tsx:57:74\n    at runWithExpensiveErrorDiagnosticsDisabled (C:\\Users\\agafn\\Desktop\\education system 5\\node_modules\\@testing-library\\dom\\dist\\config.js:47:12)\n    at checkCallback (C:\\Users\\agafn\\Desktop\\education system 5\\node_modules\\@testing-library\\dom\\dist\\wait-for.js:124:77)\n    at checkRealTimersCallback (C:\\Users\\agafn\\Desktop\\education system 5\\node_modules\\@testing-library\\dom\\dist\\wait-for.js:118:16)\n    at Timeout.task [as _onTimeout] (C:\\Users\\agafn\\Desktop\\education system 5\\node_modules\\jsdom\\lib\\jsdom\\browser\\Window.js:579:19)\n    at listOnTimeout (node:internal/timers:588:17)\n    at processTimers (node:internal/timers:523:7)"],"fullName":"Load more appends items","invocations":1,"location":null,"numPassingAsserts":0,"retryReasons":[],"status":"failed","title":"Load more appends items"}],"endTime":1756202399659,"message":"  ● Load more appends items\n\n    expect(received).toBe(expected) // Object.is equality\n\n    Expected: 2\n    Received: 20\n\n    Ignored nodes: comments, script, style\n    \u001b[36m<html>\u001b[39m\n      \u001b[36m<head />\u001b[39m\n      \u001b[36m<body>\u001b[39m\n        \u001b[36m<div>\u001b[39m\n          \u001b[36m<div\u001b[39m\n            \u001b[33mdata-testid\u001b[39m=\u001b[32m\"notif-list\"\u001b[39m\n          \u001b[36m>\u001b[39m\n            \u001b[36m<div\u001b[39m\n              \u001b[33mclass\u001b[39m=\u001b[32m\"flex items-center justify-between mb-2\"\u001b[39m\n            \u001b[36m>\u001b[39m\n              \u001b[36m<span\u001b[39m\n                \u001b[33mclass\u001b[39m=\u001b[32m\"font-medium\"\u001b[39m\n              \u001b[36m>\u001b[39m\n                \u001b[0mNotifications\u001b[0m\n              \u001b[36m</span>\u001b[39m\n              \u001b[36m<button\u001b[39m\n                \u001b[33maria-label\u001b[39m=\u001b[32m\"Mark all notifications as read\"\u001b[39m\n                \u001b[33mclass\u001b[39m=\u001b[32m\"underline text-xs\"\u001b[39m\n                \u001b[33mdata-testid\u001b[39m=\u001b[32m\"notif-mark-all\"\u001b[39m\n                \u001b[33mtitle\u001b[39m=\u001b[32m\"Mark all read\"\u001b[39m\n              \u001b[36m>\u001b[39m\n                \u001b[0mMark all\u001b[0m\n              \u001b[36m</button>\u001b[39m\n            \u001b[36m</div>\u001b[39m\n            \u001b[36m<ul\u001b[39m\n              \u001b[33mclass\u001b[39m=\u001b[32m\"space-y-2\"\u001b[39m\n            \u001b[36m>\u001b[39m\n              \u001b[36m<li\u001b[39m\n                \u001b[33mclass\u001b[39m=\u001b[32m\"flex items-center justify-between gap-2\"\u001b[39m\n                \u001b[33mdata-testid\u001b[39m=\u001b[32m\"notif-item\"\u001b[39m\n              \u001b[36m>\u001b[39m\n                \u001b[36m<div\u001b[39m\n                  \u001b[33mclass\u001b[39m=\u001b[32m\"\"\u001b[39m\n                \u001b[36m>\u001b[39m\n                  \u001b[36m<span>\u001b[39m\n                    \u001b[0msubmission:graded\u001b[0m\n                  \u001b[36m</span>\u001b[39m\n                  \u001b[36m<span\u001b[39m\n                    \u001b[33mclass\u001b[39m=\u001b[32m\"ml-2\"\u001b[39m\n                  \u001b[36m>\u001b[39m\n                    \u001b[0mScore: \u001b[0m\n                    \u001b[0m80\u001b[0m\n                  \u001b[36m</span>\u001b[39m\n                \u001b[36m</div>\u001b[39m\n                \u001b[36m<button\u001b[39m\n                  \u001b[33maria-label\u001b[39m=\u001b[32m\"Mark notification no-0000 as read\"\u001b[39m\n                  \u001b[33mclass\u001b[39m=\u001b[32m\"underline text-xs\"\u001b[39m\n                  \u001b[33mdata-testid\u001b[39m=\u001b[32m\"notif-read-btn\"\u001b[39m\n                \u001b[36m>\u001b[39m\n                  \u001b[0mRead\u001b[0m\n                \u001b[36m</button>\u001b[39m\n              \u001b[36m</li>\u001b[39m\n              \u001b[36m<li\u001b[39m\n                \u001b[33mclass\u001b[39m=\u001b[32m\"flex items-center justify-between gap-2\"\u001b[39m\n                \u001b[33mdata-testid\u001b[39m=\u001b[32m\"notif-item\"\u001b[39m\n              \u001b[36m>\u001b[39m\n                \u001b[36m<div\u001b[39m\n                  \u001b[33mclass\u001b[39m=\u001b[32m\"text-gray-500\"\u001b[39m\n                \u001b[36m>\u001b[39m\n                  \u001b[36m<span>\u001b[39m\n                    \u001b[0mmessage:new\u001b[0m\n                  \u001b[36m</span>\u001b[39m\n                  \u001b[36m<a\u001b[39m\n                    \u001b[33mclass\u001b[39m=\u001b[32m\"ml-2 underline\"\u001b[39m\n                    \u001b[33mhref\u001b[39m=\u001b[32m\"/labs/system/inbox?thread=th-1\"\u001b[39m\n                  \u001b[36m>\u001b[39m\n                    \u001b[0mOpen thread\u001b[0m\n                  \u001b[36m</a>\u001b[39m\n                \u001b[36m</div>\u001b[39m\n              \u001b[36m</li>\u001b[39m\n              \u001b[36m<li\u001b[39m\n                \u001b[33mclass\u001b[39m=\u001b[32m\"flex items-center justify-between gap-2\"\u001b[39m\n                \u001b[33mdata-testid\u001b[39m=\u001b[32m\"notif-item\"\u001b[39m\n              \u001b[36m>\u001b[39m\n                \u001b[36m<div\u001b[39m\n                  \u001b[33mclass\u001b[39m=\u001b[32m\"text-gray-500\"\u001b[39m\n                \u001b[36m>\u001b[39m\n                  \u001b[36m<span>\u001b[39m\n                    \u001b[0mannouncement:published\u001b[0m\n                  \u001b[36m</span>\u001b[39m\n                \u001b[36m</div>\u001b[39m\n              \u001b[36m</li>\u001b[39m\n              \u001b[36m<li\u001b[39m\n                \u001b[33mclass\u001b[39m=\u001b[32m\"flex items-center justify-between gap-2\"\u001b[39m\n                \u001b[33mdata-testid\u001b[39m=\u001b[32m\"notif-item\"\u001b[39m\n              \u001b[36m>\u001b[39m\n                \u001b[36m<div\u001b[39m\n                  \u001b[33mclass\u001b[39m=\u001b[32m\"text-gray-500\"\u001b[39m\n                \u001b[36m>\u001b[39m\n                  \u001b[36m<span>\u001b[39m\n                    \u001b[0msubmission:graded\u001b[0m\n                  \u001b[36m</span>\u001b[39m\n                  \u001b[36m<span\u001b[39m\n                    \u001b[33mclass\u001b[39m=\u001b[32m\"ml-2\"\u001b[39m\n                  \u001b[36m>\u001b[39m\n                    \u001b[0mScore: \u001b[0m\n                    \u001b[0m83\u001b[0m\n                  \u001b[36m</span>\u001b[39m\n                \u001b[36m</div>\u001b[39m\n              \u001b[36m</li>\u001b[39m\n              \u001b[36m<li\u001b[39m\n                \u001b[33mclass\u001b[39m=\u001b[32m\"flex items-center justify-between gap-2\"\u001b[39m\n                \u001b[33mdata-testid\u001b[39m=\u001b[32m\"notif-item\"\u001b[39m\n              \u001b[36m>\u001b[39m\n                \u001b[36m<div\u001b[39m\n                  \u001b[33mclass\u001b[39m=\u001b[32m\"text-gray-500\"\u001b[39m\n                \u001b[36m>\u001b[39m\n                  \u001b[36m<span>\u001b[39m\n                    \u001b[0mmessage:new\u001b[0m\n                  \u001b[36m</span>\u001b[39m\n                  \u001b[36m<a\u001b[39m\n                    \u001b[33mclass\u001b[39m=\u001b[32m\"ml-2 underline\"\u001b[39m\n                    \u001b[33mhref\u001b[39m=\u001b[32m\"/labs/system/inbox?thread=th-4\"\u001b[39m\n                  \u001b[36m>\u001b[39m\n                    \u001b[0mOpen thread\u001b[0m\n                  \u001b[36m</a>\u001b[39m\n                \u001b[36m</div>\u001b[39m\n              \u001b[36m</li>\u001b[39m\n              \u001b[36m<li\u001b[39m\n                \u001b[33mclass\u001b[39m=\u001b[32m\"flex items-center justify-between gap-2\"\u001b[39m\n                \u001b[33mdata-testid\u001b[39m=\u001b[32m\"notif-item\"\u001b[39m\n              \u001b[36m>\u001b[39m\n                \u001b[36m<div\u001b[39m\n                  \u001b[33mclass\u001b[39m=\u001b[32m\"\"\u001b[39m\n                \u001b[36m>\u001b[39m\n                  \u001b[36m<span>\u001b[39m\n                    \u001b[0mannouncement:published\u001b[0m\n                  \u001b[36m</span>\u001b[39m\n                \u001b[36m</div>\u001b[39m\n                \u001b[36m<button\u001b[39m\n                  \u001b[33maria-label\u001b[39m=\u001b[32m\"Mark notification no-0005 as read\"\u001b[39m\n                  \u001b[33mclass\u001b[39m=\u001b[32m\"underline text-xs\"\u001b[39m\n                  \u001b[33mdata-testid\u001b[39m=\u001b[32m\"notif-read-btn\"\u001b[39m\n                \u001b[36m>\u001b[39m\n                  \u001b[0mRead\u001b[0m\n                \u001b[36m</button>\u001b[39m\n              \u001b[36m</li>\u001b[39m\n              \u001b[36m<li\u001b[39m\n                \u001b[33mclass\u001b[39m=\u001b[32m\"flex items-center justify-between gap-2\"\u001b[39m\n                \u001b[33mdata-testid\u001b[39m=\u001b[32m\"notif-item\"\u001b[39m\n              \u001b[36m>\u001b[39m\n                \u001b[36m<div\u001b[39m\n                  \u001b[33mclass\u001b[39m=\u001b[32m\"text-gray-500\"\u001b[39m\n                \u001b[36m>\u001b[39m\n                  \u001b[36m<span>\u001b[39m\n                    \u001b[0msubmission:graded\u001b[0m\n                  \u001b[36m</span>\u001b[39m\n                  \u001b[36m<span\u001b[39m\n                    \u001b[33mclass\u001b[39m=\u001b[32m\"ml-2\"\u001b[39m\n                  \u001b[36m>\u001b[39m\n                    \u001b[0mScore: \u001b[0m\n                    \u001b[0m86\u001b[0m\n                  \u001b[36m</span>\u001b[39m\n                \u001b[36m</div>\u001b[39m\n              \u001b[36m</li>\u001b[39m\n              \u001b[36m<li\u001b[39m\n                \u001b[33mclass\u001b[39m=\u001b[32m\"flex items-center justify-between gap-2\"\u001b[39m\n                \u001b[33mdata-testid\u001b[39m=\u001b[32m\"notif-item\"\u001b[39m\n              \u001b[36m>\u001b[39m\n                \u001b[36m<div\u001b[39m\n                  \u001b[33mclass\u001b[39m=\u001b[32m\"text-gray-500\"\u001b[39m\n                \u001b[36m>\u001b[39m\n                  \u001b[36m<span>\u001b[39m\n                    \u001b[0mmessage:new\u001b[0m\n                  \u001b[36m</span>\u001b[39m\n                  \u001b[36m<a\u001b[39m\n                    \u001b[33mclass\u001b[39m=\u001b[32m\"ml-2 underline\"\u001b[39m\n                    \u001b[33mhref\u001b[39m=\u001b[32m\"/labs/system/inbox?thread=th-7\"\u001b[39m\n                  \u001b[36m>\u001b[39m\n                    \u001b[0mOpen thread\u001b[0m\n                  \u001b[36m</a>\u001b[39m\n                \u001b[36m</div>\u001b[39m\n              \u001b[36m</li>\u001b[39m\n              \u001b[36m<li\u001b[39m\n                \u001b[33mclass\u001b[39m=\u001b[32m\"flex items-center justify-between gap-2\"\u001b[39m\n                \u001b[33mdata-testid\u001b[39m=\u001b[32m\"notif-item\"\u001b[39m\n              \u001b[36m>\u001b[39m\n                \u001b[36m<div\u001b[39m\n                  \u001b[33mclass\u001b[39m=\u001b[32m\"text-gray-500\"\u001b[39m\n                \u001b[36m>\u001b[39m\n                  \u001b[36m<span>\u001b[39m\n                    \u001b[0mannouncement:published\u001b[0m\n                  \u001b[36m</span>\u001b[39m\n                \u001b[36m</div>\u001b[39m\n              \u001b[36m</li>\u001b[39m\n              \u001b[36m<li\u001b[39m\n                \u001b[33mclass\u001b[39m=\u001b[32m\"flex items-center justify-between gap-2\"\u001b[39m\n                \u001b[33mdata-testid\u001b[39m=\u001b[32m\"notif-item\"\u001b[39m\n              \u001b[36m>\u001b[39m\n                \u001b[36m<div\u001b[39m\n                  \u001b[33mclass\u001b[39m=\u001b[32m\"text-gray-500\"\u001b[39m\n                \u001b[36m>\u001b[39m\n                  \u001b[36m<span>\u001b[39m\n                    \u001b[0msubmission:graded\u001b[0m\n                  \u001b[36m</span>\u001b[39m\n                  \u001b[36m<span\u001b[39m\n                    \u001b[33mclass\u001b[39m=\u001b[32m\"ml-2\"\u001b[39m\n                  \u001b[36m>\u001b[39m\n                    \u001b[0mScore: \u001b[0m\n                    \u001b[0m89\u001b[0m\n                  \u001b[36m</span>\u001b[39m\n                \u001b[36m</div>\u001b[39m\n              \u001b[36m</li>\u001b[39m\n              \u001b[36m<li\u001b[39m\n                \u001b[33mclass\u001b[39m=\u001b[32m\"flex items-center justify-between gap-2\"\u001b[39m\n                \u001b[33mdata-testid\u001b[39m=\u001b[32m\"notif-item\"\u001b[39m\n              \u001b[36m>\u001b[39m\n                \u001b[36m<div\u001b[39m\n                  \u001b[33mclass\u001b[39m=\u001b[32m\"\"\u001b[39m\n                \u001b[36m>\u001b[39m\n                  \u001b[36m<span>\u001b[39m\n                    \u001b[0mmessage:new\u001b[0m\n                  \u001b[36m</span>\u001b[39m\n                  \u001b[36m<a\u001b[39m\n                    \u001b[33mclass\u001b[39m=\u001b[32m\"ml-2 underline\"\u001b[39m\n                    \u001b[33mhref\u001b[39m=\u001b[32m\"/labs/system/inbox?thread=th-10\"\u001b[39m\n                  \u001b[36m>\u001b[39m\n                    \u001b[0mOpen thread\u001b[0m\n                  \u001b[36m</a>\u001b[39m\n                \u001b[36m</div>\u001b[39m\n                \u001b[36m<button\u001b[39m\n                  \u001b[33maria-label\u001b[39m=\u001b[32m\"Mark notification no-0010 as read\"\u001b[39m\n                  \u001b[33mclass\u001b[39m=\u001b[32m\"underline text-xs\"\u001b[39m\n                  \u001b[33mdata-testid\u001b[39m=\u001b[32m\"notif-read-btn\"\u001b[39m\n                \u001b[36m>\u001b[39m\n                  \u001b[0mRead\u001b[0m\n                \u001b[36m</button>\u001b[39m\n              \u001b[36m</li>\u001b[39m\n              \u001b[36m<li\u001b[39m\n                \u001b[33mclass\u001b[39m=\u001b[32m\"flex items-center justify-between gap-2\"\u001b[39m\n                \u001b[33mdata-testid\u001b[39m=\u001b[32m\"notif-item\"\u001b[39m\n              \u001b[36m>\u001b[39m\n                \u001b[36m<div\u001b[39m\n                  \u001b[33mclass\u001b[39m=\u001b[32m\"text-gray-500\"\u001b[39m\n                \u001b[36m>\u001b[39m\n                  \u001b[36m<span>\u001b[39m\n                    \u001b[0mannouncement:published\u001b[0m\n                  \u001b[36m</span>\u001b[39m\n                \u001b[36m</div>\u001b[39m\n              \u001b[36m</li>\u001b[39m\n              \u001b[36m<li\u001b[39m\n                \u001b[33mclass\u001b[39m=\u001b[32m\"flex items-center justify-between gap-2\"\u001b[39m\n                \u001b[33mdata-testid\u001b[39m=\u001b[32m\"notif-item\"\u001b[39m\n              \u001b[36m>\u001b[39m\n                \u001b[36m<div\u001b[39m\n                  \u001b[33mclass\u001b[39m=\u001b[32m\"text-gray-500\"\u001b[39m\n                \u001b[36m>\u001b[39m\n                  \u001b[36m<span>\u001b[39m\n                    \u001b[0msubmission:graded\u001b[0m\n                  \u001b[36m</span>\u001b[39m\n                  \u001b[36m<span\u001b[39m\n                    \u001b[33mclass\u001b[39m=\u001b[32m\"ml-2\"\u001b[39m\n                  \u001b[36m>\u001b[39m\n                    \u001b[0mScore: \u001b[0m\n                    \u001b[0m92\u001b[0m\n                  \u001b[36m</span>\u001b[39m\n                \u001b[36m</div>\u001b[39m\n              \u001b[36m</li>\u001b[39m\n              \u001b[36m<li\u001b[39m\n                \u001b[33mclass\u001b[39m=\u001b[32m\"flex items-center justify-between gap-2\"\u001b[39m\n                \u001b[33mdata-testid\u001b[39m=\u001b[32m\"notif-item\"\u001b[39m\n              \u001b[36m>\u001b[39m\n                \u001b[36m<div\u001b[39m\n                  \u001b[33mclass\u001b[39m=\u001b[32m\"text-gray-500\"\u001b[39m\n                \u001b[36m>\u001b[39m\n                  \u001b[36m<span>\u001b[39m\n                    \u001b[0mmessage:new\u001b[0m\n                  \u001b[36m</span>\u001b[39m\n                  \u001b[36m<a\u001b[39m\n                    \u001b[33mclass\u001b[39m=\u001b[32m\"ml-2 underline\"\u001b[39m\n                    \u001b[33mhref\u001b[39m=\u001b[32m\"/labs/system/inbox?thread=th-13\"\u001b[39m\n                  \u001b[36m>\u001b[39m\n                    \u001b[0mOpen thread\u001b[0m\n                  \u001b[36m</a>\u001b[39m\n                \u001b[36m</div>\u001b[39m\n              \u001b[36m</li>\u001b[39m\n              \u001b[36m<li\u001b[39m\n                \u001b[33mclass\u001b[39m=\u001b[32m\"flex items-center justify-between gap-2\"\u001b[39m\n                \u001b[33mdata-testid\u001b[39m=\u001b[32m\"notif-item\"\u001b[39m\n              \u001b[36m>\u001b[39m\n                \u001b[36m<div\u001b[39m\n                  \u001b[33mclass\u001b[39m=\u001b[32m\"text-gray-500\"\u001b[39m\n                \u001b[36m>\u001b[39m\n                  \u001b[36m<span>\u001b[39m\n                    \u001b[0mannouncement:published\u001b[0m\n                  \u001b[36m</span>\u001b[39m\n                \u001b[36m</div>\u001b[39m\n              \u001b[36m</li>\u001b[39m\n              \u001b[36m<li\u001b[39m\n                \u001b[33mclass\u001b[39m=\u001b[32m\"flex items-center justify-between gap-2\"\u001b[39m\n                \u001b[33mdata-testid\u001b[39m=\u001b[32m\"notif-item\"\u001b[39m\n              \u001b[36m>\u001b[39m\n                \u001b[36m<div\u001b[39m\n                  \u001b[33mclass\u001b[39m=\u001b[32m\"\"\u001b[39m\n                \u001b[36m>\u001b[39m\n                  \u001b[36m<span>\u001b[39m\n                    \u001b[0msubmission:graded\u001b[0m\n                  \u001b[36m</span>\u001b[39m\n                  \u001b[36m<span\u001b[39m\n                    \u001b[33mclass\u001b[39m=\u001b[32m\"ml-2\"\u001b[39m\n                  \u001b[36m>\u001b[39m\n                    \u001b[0mScore: \u001b[0m\n                    \u001b[0m95\u001b[0m\n                  \u001b[36m</span>\u001b[39m\n                \u001b[36m</div>\u001b[39m\n                \u001b[36m<button\u001b[39m\n                  \u001b[33maria-label\u001b[39m=\u001b[32m\"Mark notification no-0015 as read\"\u001b[39m\n                  \u001b[33mclass\u001b[39m=\u001b[32m\"underline text-xs\"\u001b[39m\n                  \u001b[33mdata-testid\u001b[39m=\u001b[32m\"notif-read-btn\"\u001b[39m\n                \u001b[36m>\u001b[39m\n                  \u001b[0mRead\u001b[0m\n                \u001b[36m</button>\u001b[39m\n              \u001b[36m</li>\u001b[39m\n              \u001b[36m<li\u001b[39m\n                \u001b[33mclass\u001b[39m=\u001b[32m\"flex items-center justify-between gap-2\"\u001b[39m\n                \u001b[33mdata-testid\u001b[39m=\u001b[32m\"notif-item\"\u001b[39m\n              \u001b[36m>\u001b[39m\n                \u001b[36m<div\u001b[39m\n                  \u001b[33mclass\u001b[39m=\u001b[32m\"text-gray-500\"\u001b[39m\n                \u001b[36m>\u001b[39m\n                  \u001b[36m<span>\u001b[39m\n                    \u001b[0mmessage:new\u001b[0m\n                  \u001b[36m</span>\u001b[39m\n                  \u001b[36m<a\u001b[39m\n                    \u001b[33mclass\u001b[39m=\u001b[32m\"ml-2 underline\"\u001b[39m\n                    \u001b[33mhref\u001b[39m=\u001b[32m\"/labs/system/inbox?thread=th-16\"\u001b[39m\n                  \u001b[36m>\u001b[39m\n                    \u001b[0mOpen thread\u001b[0m\n                  \u001b[36m</a>\u001b[39m\n                \u001b[36m</div>\u001b[39m\n              \u001b[36m</li>\u001b[39m\n              \u001b[36m<li\u001b[39m\n                \u001b[33mclass\u001b[39m=\u001b[32m\"flex items-center justify-between gap-2\"\u001b[39m\n                \u001b[33mdata-testid\u001b[39m=\u001b[32m\"notif-item\"\u001b[39m\n              \u001b[36m>\u001b[39m\n                \u001b[36m<div\u001b[39m\n                  \u001b[33mclass\u001b[39m=\u001b[32m\"text-gray-500\"\u001b[39m\n                \u001b[36m>\u001b[39m\n                  \u001b[36m<span>\u001b[39m\n                    \u001b[0mannouncement:published\u001b[0m\n                  \u001b[36m</span>\u001b[39m\n                \u001b[36m</div>\u001b[39m\n              \u001b[36m</li>\u001b[39m\n              \u001b[36m<li\u001b[39m\n                \u001b[33mclass\u001b[39m=\u001b[32m\"flex items-center justify-between gap-2\"\u001b[39m\n                \u001b[33mdata-testid\u001b[39m=\u001b[32m\"notif-item\"\u001b[39m\n              \u001b[36m>\u001b[39m\n                \u001b[36m<div\u001b[39m\n                  \u001b[33mclass\u001b[39m=\u001b[32m\"text-gray-500\"\u001b[39m\n                \u001b[36m>\u001b[39m\n                  \u001b[36m<span>\u001b[39m\n                    \u001b[0msubmission:graded\u001b[0m\n                  \u001b[36m</span>\u001b[39m\n                  \u001b[36m<span\u001b[39m\n                    \u001b[33mclass\u001b[39m=\u001b[32m\"ml-2\"\u001b[39m\n                  \u001b[36m>\u001b[39m\n                    \u001b[0mScore: \u001b[0m\n                    \u001b[0m98\u001b[0m\n                  \u001b[36m</span>\u001b[39m\n                \u001b[36m</div>\u001b[39m\n              \u001b[36m</li>\u001b[39m\n              \u001b[36m<li\u001b[39m\n                \u001b[33mclass\u001b[39m=\u001b[32m\"flex items-center justify-between gap-2\"\u001b[39m\n                \u001b[33mdata-testid\u001b[39m=\u001b[32m\"notif-item\"\u001b[39m\n              \u001b[36m>\u001b[39m\n                \u001b[36m<div\u001b[39m\n                  \u001b[33mclass\u001b[39m=\u001b[32m\"text-gray-500\"\u001b[39m\n                \u001b[36m>\u001b[39m\n                  \u001b[36m<span>\u001b[39m\n                    \u001b[0mmessage:new\u001b[0m\n                  \u001b[36m</span>\u001b[39m\n                  \u001b[36m<a\u001b[39m\n                    \u001b[33mclass\u001b[39m=\u001b[32m\"ml-2 underline\"\u001b[39m\n                    \u001b[33mhref\u001b[39m=\u001b[32m\"/labs/system/inbox?thread=th-19\"\u001b[39m\n                  \u001b[36m>\u001b[39m\n                    \u001b[0mOpen thread\u001b[0m\n                  \u001b[36m</a>\u001b[39m\n                \u001b[36m</div>\u001b[39m\n              \u001b[36m</li>\u001b[39m\n            \u001b[36m</ul>\u001b[39m\n            \u001b[36m<div\u001b[39m\n              \u001b[33mclass\u001b[39m=\u001b[32m\"mt-2 flex justify-end\"\u001b[39m\n            \u001b[36m>\u001b[39m\n              \u001b[36m<button\u001b[39m\n                \u001b[33mclass\u001b[39m=\u001b[32m\"underline text-xs\"\u001b[39m\n                \u001b[33mdata-testid\u001b[39m=\u001b[32m\"notif-load-more\"\u001b[39m\n              \u001b[36m>\u001b[39m\n                \u001b[0mLoad more\u001b[0m\n              \u001b[36m</button>\u001b[39m\n            \u001b[36m</div>\u001b[39m\n          \u001b[36m</div>\u001b[39m\n        \u001b[36m</div>\u001b[39m\n      \u001b[36m</body>\u001b[39m\n    \u001b[36m</html>\u001b[39m\n\n    \u001b[0m \u001b[90m 55 |\u001b[39m   render(\u001b[33m<\u001b[39m\u001b[33mNotificationsDropdownClient\u001b[39m initial\u001b[33m=\u001b[39m{[]} \u001b[33m/\u001b[39m\u001b[33m>\u001b[39m)\u001b[33m;\u001b[39m\n     \u001b[90m 56 |\u001b[39m   \u001b[36mawait\u001b[39m user\u001b[33m.\u001b[39mclick(screen\u001b[33m.\u001b[39mgetByTestId(\u001b[32m'notif-load-more'\u001b[39m))\u001b[33m;\u001b[39m\n    \u001b[31m\u001b[1m>\u001b[22m\u001b[39m\u001b[90m 57 |\u001b[39m   \u001b[36mawait\u001b[39m waitFor(() \u001b[33m=>\u001b[39m expect(screen\u001b[33m.\u001b[39mgetAllByTestId(\u001b[32m'notif-item'\u001b[39m)\u001b[33m.\u001b[39mlength)\u001b[33m.\u001b[39mtoBe(\u001b[35m2\u001b[39m))\u001b[33m;\u001b[39m\n     \u001b[90m    |\u001b[39m                                                                          \u001b[31m\u001b[1m^\u001b[22m\u001b[39m\n     \u001b[90m 58 |\u001b[39m   restore()\u001b[33m;\u001b[39m\n     \u001b[90m 59 |\u001b[39m })\u001b[33m;\u001b[39m\n     \u001b[90m 60 |\u001b[39m\u001b[0m\n\n      at unit/ui/NotificationsDropdownClient.spec.tsx:57:74\n      at runWithExpensiveErrorDiagnosticsDisabled (../node_modules/@testing-library/dom/dist/config.js:47:12)\n      at checkCallback (../node_modules/@testing-library/dom/dist/wait-for.js:124:77)\n      at checkRealTimersCallback (../node_modules/@testing-library/dom/dist/wait-for.js:118:16)\n      at Timeout.task [as _onTimeout] (../node_modules/jsdom/lib/jsdom/browser/Window.js:579:19)\n","name":"C:\\Users\\agafn\\Desktop\\education system 5\\tests\\unit\\ui\\NotificationsDropdownClient.spec.tsx","startTime":1756202395825,"status":"failed","summary":""},{"assertionResults":[{"ancestorTitles":["Student Study Digest (labs)"],"duration":1014,"failureDetails":[{"name":"TestingLibraryElementError"}],"failureMessages":["Error: Unable to find an element by: [data-testid=\"digest-grid\"]\n\nIgnored nodes: comments, script, style\n\u001b[36m<body>\u001b[39m\n  \u001b[36m<div>\u001b[39m\n    \u001b[36m<main\u001b[39m\n      \u001b[33mclass\u001b[39m=\u001b[32m\"p-6\"\u001b[39m\n    \u001b[36m>\u001b[39m\n      \u001b[36m<p\u001b[39m\n        \u001b[33mclass\u001b[39m=\u001b[32m\"text-gray-700\"\u001b[39m\n      \u001b[36m>\u001b[39m\n        \u001b[0mYou are not signed in.\u001b[0m\n        \u001b[0m \u001b[0m\n        \u001b[0m \u001b[0m\n        \u001b[36m<a\u001b[39m\n          \u001b[33mclass\u001b[39m=\u001b[32m\"underline\"\u001b[39m\n          \u001b[33mhref\u001b[39m=\u001b[32m\"/login\"\u001b[39m\n        \u001b[36m>\u001b[39m\n          \u001b[0mSign in\u001b[0m\n        \u001b[36m</a>\u001b[39m\n      \u001b[36m</p>\u001b[39m\n    \u001b[36m</main>\u001b[39m\n  \u001b[36m</div>\u001b[39m\n\u001b[36m</body>\u001b[39m\n    at waitForWrapper (C:\\Users\\agafn\\Desktop\\education system 5\\node_modules\\@testing-library\\dom\\dist\\wait-for.js:163:27)\n    at C:\\Users\\agafn\\Desktop\\education system 5\\node_modules\\@testing-library\\dom\\dist\\query-helpers.js:86:33\n    at Object.<anonymous> (C:\\Users\\agafn\\Desktop\\education system 5\\tests\\unit\\ui\\StudentStudyDigest.spec.tsx:30:18)"],"fullName":"Student Study Digest (labs) renders digest cards with MSW jitter","invocations":1,"location":null,"numPassingAsserts":0,"retryReasons":[],"status":"failed","title":"renders digest cards with MSW jitter"}],"endTime":1756202402003,"message":"  ● Student Study Digest (labs) › renders digest cards with MSW jitter\n\n    Unable to find an element by: [data-testid=\"digest-grid\"]\n\n    Ignored nodes: comments, script, style\n    \u001b[36m<body>\u001b[39m\n      \u001b[36m<div>\u001b[39m\n        \u001b[36m<main\u001b[39m\n          \u001b[33mclass\u001b[39m=\u001b[32m\"p-6\"\u001b[39m\n        \u001b[36m>\u001b[39m\n          \u001b[36m<p\u001b[39m\n            \u001b[33mclass\u001b[39m=\u001b[32m\"text-gray-700\"\u001b[39m\n          \u001b[36m>\u001b[39m\n            \u001b[0mYou are not signed in.\u001b[0m\n            \u001b[0m \u001b[0m\n            \u001b[0m \u001b[0m\n            \u001b[36m<a\u001b[39m\n              \u001b[33mclass\u001b[39m=\u001b[32m\"underline\"\u001b[39m\n              \u001b[33mhref\u001b[39m=\u001b[32m\"/login\"\u001b[39m\n            \u001b[36m>\u001b[39m\n              \u001b[0mSign in\u001b[0m\n            \u001b[36m</a>\u001b[39m\n          \u001b[36m</p>\u001b[39m\n        \u001b[36m</main>\u001b[39m\n      \u001b[36m</div>\u001b[39m\n    \u001b[36m</body>\u001b[39m\n\n    \u001b[0m \u001b[90m 28 |\u001b[39m     \u001b[36mconst\u001b[39m ui \u001b[33m=\u001b[39m \u001b[36mawait\u001b[39m \u001b[33mStudentStudyDigestPage\u001b[39m()\u001b[33m;\u001b[39m\n     \u001b[90m 29 |\u001b[39m     render(ui)\u001b[33m;\u001b[39m\n    \u001b[31m\u001b[1m>\u001b[22m\u001b[39m\u001b[90m 30 |\u001b[39m     \u001b[36mawait\u001b[39m screen\u001b[33m.\u001b[39mfindByTestId(\u001b[32m'digest-grid'\u001b[39m)\u001b[33m;\u001b[39m\n     \u001b[90m    |\u001b[39m                  \u001b[31m\u001b[1m^\u001b[22m\u001b[39m\n     \u001b[90m 31 |\u001b[39m   })\u001b[33m;\u001b[39m\n     \u001b[90m 32 |\u001b[39m })\u001b[33m;\u001b[39m\n     \u001b[90m 33 |\u001b[39m\u001b[0m\n\n      at waitForWrapper (../node_modules/@testing-library/dom/dist/wait-for.js:163:27)\n      at ../node_modules/@testing-library/dom/dist/query-helpers.js:86:33\n      at Object.<anonymous> (unit/ui/StudentStudyDigest.spec.tsx:30:18)\n","name":"C:\\Users\\agafn\\Desktop\\education system 5\\tests\\unit\\ui\\StudentStudyDigest.spec.tsx","startTime":1756202400629,"status":"failed","summary":""},{"assertionResults":[{"ancestorTitles":["Student Profile (labs)"],"duration":1015,"failureDetails":[{"name":"TestingLibraryElementError"}],"failureMessages":["Error: Unable to find an element by: [data-testid=\"profile-email\"]\n\nIgnored nodes: comments, script, style\n\u001b[36m<body>\u001b[39m\n  \u001b[36m<div>\u001b[39m\n    \u001b[36m<main\u001b[39m\n      \u001b[33mclass\u001b[39m=\u001b[32m\"p-6 space-y-3\"\u001b[39m\n    \u001b[36m>\u001b[39m\n      \u001b[36m<h1\u001b[39m\n        \u001b[33mclass\u001b[39m=\u001b[32m\"text-xl font-semibold\"\u001b[39m\n        \u001b[33mdata-testid\u001b[39m=\u001b[32m\"profile-title\"\u001b[39m\n      \u001b[36m>\u001b[39m\n        \u001b[0mStudent Profile\u001b[0m\n      \u001b[36m</h1>\u001b[39m\n      \u001b[36m<p\u001b[39m\n        \u001b[33mclass\u001b[39m=\u001b[32m\"text-gray-700\"\u001b[39m\n        \u001b[33mdata-testid\u001b[39m=\u001b[32m\"signin-prompt\"\u001b[39m\n      \u001b[36m>\u001b[39m\n        \u001b[0mYou are not signed in\u001b[0m\n      \u001b[36m</p>\u001b[39m\n      \u001b[36m<a\u001b[39m\n        \u001b[33mclass\u001b[39m=\u001b[32m\"underline\"\u001b[39m\n        \u001b[33mdata-testid\u001b[39m=\u001b[32m\"signin-link\"\u001b[39m\n        \u001b[33mhref\u001b[39m=\u001b[32m\"/login\"\u001b[39m\n      \u001b[36m>\u001b[39m\n        \u001b[0mGo to login\u001b[0m\n      \u001b[36m</a>\u001b[39m\n    \u001b[36m</main>\u001b[39m\n  \u001b[36m</div>\u001b[39m\n\u001b[36m</body>\u001b[39m\n    at waitForWrapper (C:\\Users\\agafn\\Desktop\\education system 5\\node_modules\\@testing-library\\dom\\dist\\wait-for.js:163:27)\n    at C:\\Users\\agafn\\Desktop\\education system 5\\node_modules\\@testing-library\\dom\\dist\\query-helpers.js:86:33\n    at Object.<anonymous> (C:\\Users\\agafn\\Desktop\\education system 5\\tests\\unit\\ui\\StudentProfile.spec.tsx:17:25)"],"fullName":"Student Profile (labs) renders email and role when authenticated","invocations":1,"location":null,"numPassingAsserts":0,"retryReasons":[],"status":"failed","title":"renders email and role when authenticated"}],"endTime":1756202403298,"message":"  ● Student Profile (labs) › renders email and role when authenticated\n\n    Unable to find an element by: [data-testid=\"profile-email\"]\n\n    Ignored nodes: comments, script, style\n    \u001b[36m<body>\u001b[39m\n      \u001b[36m<div>\u001b[39m\n        \u001b[36m<main\u001b[39m\n          \u001b[33mclass\u001b[39m=\u001b[32m\"p-6 space-y-3\"\u001b[39m\n        \u001b[36m>\u001b[39m\n          \u001b[36m<h1\u001b[39m\n            \u001b[33mclass\u001b[39m=\u001b[32m\"text-xl font-semibold\"\u001b[39m\n            \u001b[33mdata-testid\u001b[39m=\u001b[32m\"profile-title\"\u001b[39m\n          \u001b[36m>\u001b[39m\n            \u001b[0mStudent Profile\u001b[0m\n          \u001b[36m</h1>\u001b[39m\n          \u001b[36m<p\u001b[39m\n            \u001b[33mclass\u001b[39m=\u001b[32m\"text-gray-700\"\u001b[39m\n            \u001b[33mdata-testid\u001b[39m=\u001b[32m\"signin-prompt\"\u001b[39m\n          \u001b[36m>\u001b[39m\n            \u001b[0mYou are not signed in\u001b[0m\n          \u001b[36m</p>\u001b[39m\n          \u001b[36m<a\u001b[39m\n            \u001b[33mclass\u001b[39m=\u001b[32m\"underline\"\u001b[39m\n            \u001b[33mdata-testid\u001b[39m=\u001b[32m\"signin-link\"\u001b[39m\n            \u001b[33mhref\u001b[39m=\u001b[32m\"/login\"\u001b[39m\n          \u001b[36m>\u001b[39m\n            \u001b[0mGo to login\u001b[0m\n          \u001b[36m</a>\u001b[39m\n        \u001b[36m</main>\u001b[39m\n      \u001b[36m</div>\u001b[39m\n    \u001b[36m</body>\u001b[39m\n\n    \u001b[0m \u001b[90m 15 |\u001b[39m     \u001b[36mconst\u001b[39m ui \u001b[33m=\u001b[39m \u001b[36mawait\u001b[39m \u001b[33mStudentProfilePage\u001b[39m()\u001b[33m;\u001b[39m\n     \u001b[90m 16 |\u001b[39m     render(ui)\u001b[33m;\u001b[39m\n    \u001b[31m\u001b[1m>\u001b[22m\u001b[39m\u001b[90m 17 |\u001b[39m     expect(\u001b[36mawait\u001b[39m screen\u001b[33m.\u001b[39mfindByTestId(\u001b[32m'profile-email'\u001b[39m))\u001b[33m.\u001b[39mtoHaveTextContent(\u001b[32m's@example.com'\u001b[39m)\u001b[33m;\u001b[39m\n     \u001b[90m    |\u001b[39m                         \u001b[31m\u001b[1m^\u001b[22m\u001b[39m\n     \u001b[90m 18 |\u001b[39m     expect(\u001b[36mawait\u001b[39m screen\u001b[33m.\u001b[39mfindByTestId(\u001b[32m'profile-role'\u001b[39m))\u001b[33m.\u001b[39mtoHaveTextContent(\u001b[32m'student'\u001b[39m)\u001b[33m;\u001b[39m\n     \u001b[90m 19 |\u001b[39m   })\u001b[33m;\u001b[39m\n     \u001b[90m 20 |\u001b[39m })\u001b[33m;\u001b[39m\u001b[0m\n\n      at waitForWrapper (../node_modules/@testing-library/dom/dist/wait-for.js:163:27)\n      at ../node_modules/@testing-library/dom/dist/query-helpers.js:86:33\n      at Object.<anonymous> (unit/ui/StudentProfile.spec.tsx:17:25)\n","name":"C:\\Users\\agafn\\Desktop\\education system 5\\tests\\unit\\ui\\StudentProfile.spec.tsx","startTime":1756202402021,"status":"failed","summary":""},{"assertionResults":[{"ancestorTitles":["Student Learning Overview (detailed)"],"duration":1017,"failureDetails":[{"name":"TestingLibraryElementError"}],"failureMessages":["Error: Unable to find an element by: [data-testid=\"learning-grid\"]\n\nIgnored nodes: comments, script, style\n\u001b[36m<body>\u001b[39m\n  \u001b[36m<div>\u001b[39m\n    \u001b[36m<main\u001b[39m\n      \u001b[33mclass\u001b[39m=\u001b[32m\"p-6\"\u001b[39m\n    \u001b[36m>\u001b[39m\n      \u001b[36m<p\u001b[39m\n        \u001b[33mclass\u001b[39m=\u001b[32m\"text-gray-700\"\u001b[39m\n      \u001b[36m>\u001b[39m\n        \u001b[0mYou are not signed in.\u001b[0m\n        \u001b[0m \u001b[0m\n        \u001b[0m \u001b[0m\n        \u001b[36m<a\u001b[39m\n          \u001b[33mclass\u001b[39m=\u001b[32m\"underline\"\u001b[39m\n          \u001b[33mhref\u001b[39m=\u001b[32m\"/login\"\u001b[39m\n        \u001b[36m>\u001b[39m\n          \u001b[0mSign in\u001b[0m\n        \u001b[36m</a>\u001b[39m\n      \u001b[36m</p>\u001b[39m\n    \u001b[36m</main>\u001b[39m\n  \u001b[36m</div>\u001b[39m\n\u001b[36m</body>\u001b[39m\n    at waitForWrapper (C:\\Users\\agafn\\Desktop\\education system 5\\node_modules\\@testing-library\\dom\\dist\\wait-for.js:163:27)\n    at C:\\Users\\agafn\\Desktop\\education system 5\\node_modules\\@testing-library\\dom\\dist\\query-helpers.js:86:33\n    at Object.<anonymous> (C:\\Users\\agafn\\Desktop\\education system 5\\tests\\unit\\ui\\StudentLearningOverviewDetailed.spec.tsx:29:18)"],"fullName":"Student Learning Overview (detailed) renders cards and counts with jitter","invocations":1,"location":null,"numPassingAsserts":0,"retryReasons":[],"status":"failed","title":"renders cards and counts with jitter"}],"endTime":1756202404641,"message":"  ● Student Learning Overview (detailed) › renders cards and counts with jitter\n\n    Unable to find an element by: [data-testid=\"learning-grid\"]\n\n    Ignored nodes: comments, script, style\n    \u001b[36m<body>\u001b[39m\n      \u001b[36m<div>\u001b[39m\n        \u001b[36m<main\u001b[39m\n          \u001b[33mclass\u001b[39m=\u001b[32m\"p-6\"\u001b[39m\n        \u001b[36m>\u001b[39m\n          \u001b[36m<p\u001b[39m\n            \u001b[33mclass\u001b[39m=\u001b[32m\"text-gray-700\"\u001b[39m\n          \u001b[36m>\u001b[39m\n            \u001b[0mYou are not signed in.\u001b[0m\n            \u001b[0m \u001b[0m\n            \u001b[0m \u001b[0m\n            \u001b[36m<a\u001b[39m\n              \u001b[33mclass\u001b[39m=\u001b[32m\"underline\"\u001b[39m\n              \u001b[33mhref\u001b[39m=\u001b[32m\"/login\"\u001b[39m\n            \u001b[36m>\u001b[39m\n              \u001b[0mSign in\u001b[0m\n            \u001b[36m</a>\u001b[39m\n          \u001b[36m</p>\u001b[39m\n        \u001b[36m</main>\u001b[39m\n      \u001b[36m</div>\u001b[39m\n    \u001b[36m</body>\u001b[39m\n\n    \u001b[0m \u001b[90m 27 |\u001b[39m     \u001b[36mconst\u001b[39m ui \u001b[33m=\u001b[39m \u001b[36mawait\u001b[39m \u001b[33mStudentLearningOverviewDetailedPage\u001b[39m()\u001b[33m;\u001b[39m\n     \u001b[90m 28 |\u001b[39m     render(ui)\u001b[33m;\u001b[39m\n    \u001b[31m\u001b[1m>\u001b[22m\u001b[39m\u001b[90m 29 |\u001b[39m     \u001b[36mawait\u001b[39m screen\u001b[33m.\u001b[39mfindByTestId(\u001b[32m'learning-grid'\u001b[39m)\u001b[33m;\u001b[39m\n     \u001b[90m    |\u001b[39m                  \u001b[31m\u001b[1m^\u001b[22m\u001b[39m\n     \u001b[90m 30 |\u001b[39m   })\u001b[33m;\u001b[39m\n     \u001b[90m 31 |\u001b[39m })\u001b[33m;\u001b[39m\n     \u001b[90m 32 |\u001b[39m\u001b[0m\n\n      at waitForWrapper (../node_modules/@testing-library/dom/dist/wait-for.js:163:27)\n      at ../node_modules/@testing-library/dom/dist/query-helpers.js:86:33\n      at Object.<anonymous> (unit/ui/StudentLearningOverviewDetailed.spec.tsx:29:18)\n","name":"C:\\Users\\agafn\\Desktop\\education system 5\\tests\\unit\\ui\\StudentLearningOverviewDetailed.spec.tsx","startTime":1756202403308,"status":"failed","summary":""},{"assertionResults":[{"ancestorTitles":["System Uptime Tile (labs)"],"duration":1026,"failureDetails":[{"name":"TestingLibraryElementError"}],"failureMessages":["Error: Unable to find an element by: [data-testid=\"uptime-ok\"]\n\nIgnored nodes: comments, script, style\n\u001b[36m<body>\u001b[39m\n  \u001b[36m<div>\u001b[39m\n    \u001b[36m<main\u001b[39m\n      \u001b[33mclass\u001b[39m=\u001b[32m\"p-6\"\u001b[39m\n    \u001b[36m>\u001b[39m\n      \u001b[36m<h1\u001b[39m\n        \u001b[33mclass\u001b[39m=\u001b[32m\"text-xl font-semibold\"\u001b[39m\n      \u001b[36m>\u001b[39m\n        \u001b[0mSystem uptime\u001b[0m\n      \u001b[36m</h1>\u001b[39m\n      \u001b[36m<p\u001b[39m\n        \u001b[33mclass\u001b[39m=\u001b[32m\"text-gray-700\"\u001b[39m\n      \u001b[36m>\u001b[39m\n        \u001b[0mUnable to load uptime.\u001b[0m\n      \u001b[36m</p>\u001b[39m\n    \u001b[36m</main>\u001b[39m\n  \u001b[36m</div>\u001b[39m\n\u001b[36m</body>\u001b[39m\n    at waitForWrapper (C:\\Users\\agafn\\Desktop\\education system 5\\node_modules\\@testing-library\\dom\\dist\\wait-for.js:163:27)\n    at C:\\Users\\agafn\\Desktop\\education system 5\\node_modules\\@testing-library\\dom\\dist\\query-helpers.js:86:33\n    at Object.<anonymous> (C:\\Users\\agafn\\Desktop\\education system 5\\tests\\unit\\ui\\SystemUptimeTile.spec.tsx:18:18)"],"fullName":"System Uptime Tile (labs) renders ok and ts fields under jitter","invocations":1,"location":null,"numPassingAsserts":0,"retryReasons":[],"status":"failed","title":"renders ok and ts fields under jitter"}],"endTime":1756202406199,"message":"  ● System Uptime Tile (labs) › renders ok and ts fields under jitter\n\n    Unable to find an element by: [data-testid=\"uptime-ok\"]\n\n    Ignored nodes: comments, script, style\n    \u001b[36m<body>\u001b[39m\n      \u001b[36m<div>\u001b[39m\n        \u001b[36m<main\u001b[39m\n          \u001b[33mclass\u001b[39m=\u001b[32m\"p-6\"\u001b[39m\n        \u001b[36m>\u001b[39m\n          \u001b[36m<h1\u001b[39m\n            \u001b[33mclass\u001b[39m=\u001b[32m\"text-xl font-semibold\"\u001b[39m\n          \u001b[36m>\u001b[39m\n            \u001b[0mSystem uptime\u001b[0m\n          \u001b[36m</h1>\u001b[39m\n          \u001b[36m<p\u001b[39m\n            \u001b[33mclass\u001b[39m=\u001b[32m\"text-gray-700\"\u001b[39m\n          \u001b[36m>\u001b[39m\n            \u001b[0mUnable to load uptime.\u001b[0m\n          \u001b[36m</p>\u001b[39m\n        \u001b[36m</main>\u001b[39m\n      \u001b[36m</div>\u001b[39m\n    \u001b[36m</body>\u001b[39m\n\n    \u001b[0m \u001b[90m 16 |\u001b[39m     \u001b[36mconst\u001b[39m ui \u001b[33m=\u001b[39m \u001b[36mawait\u001b[39m \u001b[33mUptimeTilePage\u001b[39m()\u001b[33m;\u001b[39m\n     \u001b[90m 17 |\u001b[39m     render(ui)\u001b[33m;\u001b[39m\n    \u001b[31m\u001b[1m>\u001b[22m\u001b[39m\u001b[90m 18 |\u001b[39m     \u001b[36mawait\u001b[39m screen\u001b[33m.\u001b[39mfindByTestId(\u001b[32m'uptime-ok'\u001b[39m)\u001b[33m;\u001b[39m\n     \u001b[90m    |\u001b[39m                  \u001b[31m\u001b[1m^\u001b[22m\u001b[39m\n     \u001b[90m 19 |\u001b[39m     \u001b[36mawait\u001b[39m screen\u001b[33m.\u001b[39mfindByTestId(\u001b[32m'uptime-ts-iso'\u001b[39m)\u001b[33m;\u001b[39m\n     \u001b[90m 20 |\u001b[39m     \u001b[36mawait\u001b[39m screen\u001b[33m.\u001b[39mfindByTestId(\u001b[32m'uptime-ts-human'\u001b[39m)\u001b[33m;\u001b[39m\n     \u001b[90m 21 |\u001b[39m   })\u001b[33m;\u001b[39m\u001b[0m\n\n      at waitForWrapper (../node_modules/@testing-library/dom/dist/wait-for.js:163:27)\n      at ../node_modules/@testing-library/dom/dist/query-helpers.js:86:33\n      at Object.<anonymous> (unit/ui/SystemUptimeTile.spec.tsx:18:18)\n","name":"C:\\Users\\agafn\\Desktop\\education system 5\\tests\\unit\\ui\\SystemUptimeTile.spec.tsx","startTime":1756202404662,"status":"failed","summary":""},{"assertionResults":[{"ancestorTitles":["Teacher Announcements (labs)"],"duration":1,"failureDetails":[{}],"failureMessages":["TypeError: c.getAll is not a function\n    at TeacherAnnouncementsPage (C:\\Users\\agafn\\Desktop\\education system 5\\apps\\web\\src\\app\\labs\\teacher\\announcements\\page.tsx:13:45)\n    at Object.<anonymous> (C:\\Users\\agafn\\Desktop\\education system 5\\tests\\unit\\ui\\TeacherAnnouncements.spec.tsx:25:46)\n    at Promise.then.completed (C:\\Users\\agafn\\Desktop\\education system 5\\node_modules\\jest-circus\\build\\utils.js:298:28)\n    at new Promise (<anonymous>)\n    at callAsyncCircusFn (C:\\Users\\agafn\\Desktop\\education system 5\\node_modules\\jest-circus\\build\\utils.js:231:10)\n    at _callCircusTest (C:\\Users\\agafn\\Desktop\\education system 5\\node_modules\\jest-circus\\build\\run.js:316:40)\n    at _runTest (C:\\Users\\agafn\\Desktop\\education system 5\\node_modules\\jest-circus\\build\\run.js:252:3)\n    at _runTestsForDescribeBlock (C:\\Users\\agafn\\Desktop\\education system 5\\node_modules\\jest-circus\\build\\run.js:126:9)\n    at _runTestsForDescribeBlock (C:\\Users\\agafn\\Desktop\\education system 5\\node_modules\\jest-circus\\build\\run.js:121:9)\n    at run (C:\\Users\\agafn\\Desktop\\education system 5\\node_modules\\jest-circus\\build\\run.js:71:3)\n    at runAndTransformResultsToJestFormat (C:\\Users\\agafn\\Desktop\\education system 5\\node_modules\\jest-circus\\build\\legacy-code-todo-rewrite\\jestAdapterInit.js:122:21)\n    at jestAdapter (C:\\Users\\agafn\\Desktop\\education system 5\\node_modules\\jest-circus\\build\\legacy-code-todo-rewrite\\jestAdapter.js:79:19)\n    at runTestInternal (C:\\Users\\agafn\\Desktop\\education system 5\\node_modules\\jest-runner\\build\\runTest.js:367:16)\n    at runTest (C:\\Users\\agafn\\Desktop\\education system 5\\node_modules\\jest-runner\\build\\runTest.js:444:34)"],"fullName":"Teacher Announcements (labs) renders course count and announcement list with jitter","invocations":1,"location":null,"numPassingAsserts":0,"retryReasons":[],"status":"failed","title":"renders course count and announcement list with jitter"}],"endTime":1756202406486,"message":"  ● Teacher Announcements (labs) › renders course count and announcement list with jitter\n\n    TypeError: c.getAll is not a function\n\n    \u001b[0m \u001b[90m 11 |\u001b[39m   \u001b[36mconst\u001b[39m h \u001b[33m=\u001b[39m headers()\u001b[33m;\u001b[39m\n     \u001b[90m 12 |\u001b[39m   \u001b[36mconst\u001b[39m c \u001b[33m=\u001b[39m cookies()\u001b[33m;\u001b[39m\n    \u001b[31m\u001b[1m>\u001b[22m\u001b[39m\u001b[90m 13 |\u001b[39m   \u001b[36mconst\u001b[39m cookieHeader \u001b[33m=\u001b[39m h\u001b[33m.\u001b[39m\u001b[36mget\u001b[39m(\u001b[32m\"cookie\"\u001b[39m) \u001b[33m?\u001b[39m\u001b[33m?\u001b[39m c\u001b[33m.\u001b[39mgetAll()\u001b[33m.\u001b[39mmap(x \u001b[33m=>\u001b[39m \u001b[32m`${x.name}=${x.value}`\u001b[39m)\u001b[33m.\u001b[39mjoin(\u001b[32m\"; \"\u001b[39m)\u001b[33m;\u001b[39m\n     \u001b[90m    |\u001b[39m                                             \u001b[31m\u001b[1m^\u001b[22m\u001b[39m\n     \u001b[90m 14 |\u001b[39m   \u001b[36mconst\u001b[39m testAuth \u001b[33m=\u001b[39m h\u001b[33m.\u001b[39m\u001b[36mget\u001b[39m(\u001b[32m\"x-test-auth\"\u001b[39m) \u001b[33m?\u001b[39m\u001b[33m?\u001b[39m c\u001b[33m.\u001b[39m\u001b[36mget\u001b[39m(\u001b[32m\"x-test-auth\"\u001b[39m)\u001b[33m?\u001b[39m\u001b[33m.\u001b[39mvalue\u001b[33m;\u001b[39m\n     \u001b[90m 15 |\u001b[39m\n     \u001b[90m 16 |\u001b[39m   \u001b[36mconst\u001b[39m baseHeaders \u001b[33m=\u001b[39m { \u001b[33m...\u001b[39m(cookieHeader \u001b[33m?\u001b[39m { cookie\u001b[33m:\u001b[39m cookieHeader } \u001b[33m:\u001b[39m {})\u001b[33m,\u001b[39m \u001b[33m...\u001b[39m(testAuth \u001b[33m?\u001b[39m { \u001b[32m\"x-test-auth\"\u001b[39m\u001b[33m:\u001b[39m testAuth } \u001b[33m:\u001b[39m {}) } \u001b[36mas\u001b[39m \u001b[33mHeadersInit\u001b[39m\u001b[33m;\u001b[39m\u001b[0m\n\n      at TeacherAnnouncementsPage (../apps/web/src/app/labs/teacher/announcements/page.tsx:13:45)\n      at Object.<anonymous> (unit/ui/TeacherAnnouncements.spec.tsx:25:46)\n","name":"C:\\Users\\agafn\\Desktop\\education system 5\\tests\\unit\\ui\\TeacherAnnouncements.spec.tsx","startTime":1756202406219,"status":"failed","summary":""},{"assertionResults":[{"ancestorTitles":["Teacher Course Insights (Advanced)"],"duration":1,"failureDetails":[{}],"failureMessages":["TypeError: cookieStore.getAll is not a function\n    at TeacherCourseInsightsAdvancedPage (C:\\Users\\agafn\\Desktop\\education system 5\\apps\\web\\src\\app\\labs\\teacher\\course-insights-advanced\\page.tsx:17:36)\n    at Object.<anonymous> (C:\\Users\\agafn\\Desktop\\education system 5\\tests\\unit\\ui\\TeacherCourseInsightsAdvanced.spec.tsx:27:55)\n    at Promise.then.completed (C:\\Users\\agafn\\Desktop\\education system 5\\node_modules\\jest-circus\\build\\utils.js:298:28)\n    at new Promise (<anonymous>)\n    at callAsyncCircusFn (C:\\Users\\agafn\\Desktop\\education system 5\\node_modules\\jest-circus\\build\\utils.js:231:10)\n    at _callCircusTest (C:\\Users\\agafn\\Desktop\\education system 5\\node_modules\\jest-circus\\build\\run.js:316:40)\n    at _runTest (C:\\Users\\agafn\\Desktop\\education system 5\\node_modules\\jest-circus\\build\\run.js:252:3)\n    at _runTestsForDescribeBlock (C:\\Users\\agafn\\Desktop\\education system 5\\node_modules\\jest-circus\\build\\run.js:126:9)\n    at _runTestsForDescribeBlock (C:\\Users\\agafn\\Desktop\\education system 5\\node_modules\\jest-circus\\build\\run.js:121:9)\n    at run (C:\\Users\\agafn\\Desktop\\education system 5\\node_modules\\jest-circus\\build\\run.js:71:3)\n    at runAndTransformResultsToJestFormat (C:\\Users\\agafn\\Desktop\\education system 5\\node_modules\\jest-circus\\build\\legacy-code-todo-rewrite\\jestAdapterInit.js:122:21)\n    at jestAdapter (C:\\Users\\agafn\\Desktop\\education system 5\\node_modules\\jest-circus\\build\\legacy-code-todo-rewrite\\jestAdapter.js:79:19)\n    at runTestInternal (C:\\Users\\agafn\\Desktop\\education system 5\\node_modules\\jest-runner\\build\\runTest.js:367:16)\n    at runTest (C:\\Users\\agafn\\Desktop\\education system 5\\node_modules\\jest-runner\\build\\runTest.js:444:34)"],"fullName":"Teacher Course Insights (Advanced) renders table and totals with jitter","invocations":1,"location":null,"numPassingAsserts":0,"retryReasons":[],"status":"failed","title":"renders table and totals with jitter"}],"endTime":1756202406689,"message":"  ● Teacher Course Insights (Advanced) › renders table and totals with jitter\n\n    TypeError: cookieStore.getAll is not a function\n\n    \u001b[0m \u001b[90m 15 |\u001b[39m   \u001b[36mconst\u001b[39m cookieStore \u001b[33m=\u001b[39m cookies()\u001b[33m;\u001b[39m\n     \u001b[90m 16 |\u001b[39m   \u001b[36mconst\u001b[39m incoming \u001b[33m=\u001b[39m headers()\u001b[33m;\u001b[39m\n    \u001b[31m\u001b[1m>\u001b[22m\u001b[39m\u001b[90m 17 |\u001b[39m   \u001b[36mconst\u001b[39m cookieHeader \u001b[33m=\u001b[39m cookieStore\u001b[33m.\u001b[39mgetAll()\u001b[33m.\u001b[39mmap(c \u001b[33m=>\u001b[39m \u001b[32m`${c.name}=${c.value}`\u001b[39m)\u001b[33m.\u001b[39mjoin(\u001b[32m\"; \"\u001b[39m)\u001b[33m;\u001b[39m\n     \u001b[90m    |\u001b[39m                                    \u001b[31m\u001b[1m^\u001b[22m\u001b[39m\n     \u001b[90m 18 |\u001b[39m   \u001b[36mconst\u001b[39m xTestAuth \u001b[33m=\u001b[39m incoming\u001b[33m.\u001b[39m\u001b[36mget\u001b[39m(\u001b[32m\"x-test-auth\"\u001b[39m) \u001b[33m?\u001b[39m\u001b[33m?\u001b[39m cookieStore\u001b[33m.\u001b[39m\u001b[36mget\u001b[39m(\u001b[32m\"x-test-auth\"\u001b[39m)\u001b[33m?\u001b[39m\u001b[33m.\u001b[39mvalue\u001b[33m;\u001b[39m\n     \u001b[90m 19 |\u001b[39m\n     \u001b[90m 20 |\u001b[39m   \u001b[36mconst\u001b[39m baseHeaders\u001b[33m:\u001b[39m \u001b[33mHeadersInit\u001b[39m \u001b[33m=\u001b[39m {\u001b[0m\n\n      at TeacherCourseInsightsAdvancedPage (../apps/web/src/app/labs/teacher/course-insights-advanced/page.tsx:17:36)\n      at Object.<anonymous> (unit/ui/TeacherCourseInsightsAdvanced.spec.tsx:27:55)\n","name":"C:\\Users\\agafn\\Desktop\\education system 5\\tests\\unit\\ui\\TeacherCourseInsightsAdvanced.spec.tsx","startTime":1756202406496,"status":"failed","summary":""},{"assertionResults":[{"ancestorTitles":["Student Learning Overview (advanced)"],"duration":1008,"failureDetails":[{"name":"TestingLibraryElementError"}],"failureMessages":["Error: Unable to find an element by: [data-testid=\"learning-grid\"]\n\nIgnored nodes: comments, script, style\n\u001b[36m<body>\u001b[39m\n  \u001b[36m<div>\u001b[39m\n    \u001b[36m<main\u001b[39m\n      \u001b[33mclass\u001b[39m=\u001b[32m\"p-6\"\u001b[39m\n    \u001b[36m>\u001b[39m\n      \u001b[36m<p\u001b[39m\n        \u001b[33mclass\u001b[39m=\u001b[32m\"text-gray-700\"\u001b[39m\n      \u001b[36m>\u001b[39m\n        \u001b[0mYou are not signed in.\u001b[0m\n        \u001b[0m \u001b[0m\n        \u001b[36m<a\u001b[39m\n          \u001b[33mclass\u001b[39m=\u001b[32m\"underline\"\u001b[39m\n          \u001b[33mhref\u001b[39m=\u001b[32m\"/login\"\u001b[39m\n        \u001b[36m>\u001b[39m\n          \u001b[0mSign in\u001b[0m\n        \u001b[36m</a>\u001b[39m\n      \u001b[36m</p>\u001b[39m\n    \u001b[36m</main>\u001b[39m\n  \u001b[36m</div>\u001b[39m\n\u001b[36m</body>\u001b[39m\n    at waitForWrapper (C:\\Users\\agafn\\Desktop\\education system 5\\node_modules\\@testing-library\\dom\\dist\\wait-for.js:163:27)\n    at C:\\Users\\agafn\\Desktop\\education system 5\\node_modules\\@testing-library\\dom\\dist\\query-helpers.js:86:33\n    at Object.<anonymous> (C:\\Users\\agafn\\Desktop\\education system 5\\tests\\unit\\ui\\StudentLearningOverviewAdvanced.spec.tsx:29:18)"],"fullName":"Student Learning Overview (advanced) renders cards and counts with jitter","invocations":1,"location":null,"numPassingAsserts":0,"retryReasons":[],"status":"failed","title":"renders cards and counts with jitter"}],"endTime":1756202407830,"message":"  ● Student Learning Overview (advanced) › renders cards and counts with jitter\n\n    Unable to find an element by: [data-testid=\"learning-grid\"]\n\n    Ignored nodes: comments, script, style\n    \u001b[36m<body>\u001b[39m\n      \u001b[36m<div>\u001b[39m\n        \u001b[36m<main\u001b[39m\n          \u001b[33mclass\u001b[39m=\u001b[32m\"p-6\"\u001b[39m\n        \u001b[36m>\u001b[39m\n          \u001b[36m<p\u001b[39m\n            \u001b[33mclass\u001b[39m=\u001b[32m\"text-gray-700\"\u001b[39m\n          \u001b[36m>\u001b[39m\n            \u001b[0mYou are not signed in.\u001b[0m\n            \u001b[0m \u001b[0m\n            \u001b[36m<a\u001b[39m\n              \u001b[33mclass\u001b[39m=\u001b[32m\"underline\"\u001b[39m\n              \u001b[33mhref\u001b[39m=\u001b[32m\"/login\"\u001b[39m\n            \u001b[36m>\u001b[39m\n              \u001b[0mSign in\u001b[0m\n            \u001b[36m</a>\u001b[39m\n          \u001b[36m</p>\u001b[39m\n        \u001b[36m</main>\u001b[39m\n      \u001b[36m</div>\u001b[39m\n    \u001b[36m</body>\u001b[39m\n\n    \u001b[0m \u001b[90m 27 |\u001b[39m     \u001b[36mconst\u001b[39m ui \u001b[33m=\u001b[39m \u001b[36mawait\u001b[39m \u001b[33mStudentLearningOverviewAdvancedPage\u001b[39m()\u001b[33m;\u001b[39m\n     \u001b[90m 28 |\u001b[39m     render(ui)\u001b[33m;\u001b[39m\n    \u001b[31m\u001b[1m>\u001b[22m\u001b[39m\u001b[90m 29 |\u001b[39m     \u001b[36mawait\u001b[39m screen\u001b[33m.\u001b[39mfindByTestId(\u001b[32m'learning-grid'\u001b[39m)\u001b[33m;\u001b[39m\n     \u001b[90m    |\u001b[39m                  \u001b[31m\u001b[1m^\u001b[22m\u001b[39m\n     \u001b[90m 30 |\u001b[39m   })\u001b[33m;\u001b[39m\n     \u001b[90m 31 |\u001b[39m })\u001b[33m;\u001b[39m\n     \u001b[90m 32 |\u001b[39m\u001b[0m\n\n      at waitForWrapper (../node_modules/@testing-library/dom/dist/wait-for.js:163:27)\n      at ../node_modules/@testing-library/dom/dist/query-helpers.js:86:33\n      at Object.<anonymous> (unit/ui/StudentLearningOverviewAdvanced.spec.tsx:29:18)\n","name":"C:\\Users\\agafn\\Desktop\\education system 5\\tests\\unit\\ui\\StudentLearningOverviewAdvanced.spec.tsx","startTime":1756202406700,"status":"failed","summary":""},{"assertionResults":[{"ancestorTitles":["runtime CORS headers for allowed origin"],"duration":33,"failureDetails":[{"matcherResult":{"message":"expect(received).toContain(expected) // indexOf\n\nExpected value: 403\nReceived array: [200, 201, 204, 400]","pass":false}}],"failureMessages":["Error: expect(received).toContain(expected) // indexOf\n\nExpected value: 403\nReceived array: [200, 201, 204, 400]\n    at Object.<anonymous> (C:\\Users\\agafn\\Desktop\\education system 5\\tests\\unit\\api.runtime.cors.headers.spec.ts:27:31)"],"fullName":"runtime CORS headers for allowed origin includes access-control-allow-origin when origin is allowed","invocations":1,"location":null,"numPassingAsserts":0,"retryReasons":[],"status":"failed","title":"includes access-control-allow-origin when origin is allowed"}],"endTime":1756202408471,"message":"  ● runtime CORS headers for allowed origin › includes access-control-allow-origin when origin is allowed\n\n    expect(received).toContain(expected) // indexOf\n\n    Expected value: 403\n    Received array: [200, 201, 204, 400]\n\n    \u001b[0m \u001b[90m 25 |\u001b[39m     \u001b[36mconst\u001b[39m res \u001b[33m=\u001b[39m \u001b[36mawait\u001b[39m (\u001b[33mProgressPOST\u001b[39m \u001b[36mas\u001b[39m any)(post({ authorization\u001b[33m:\u001b[39m \u001b[32m`Bearer ${token}`\u001b[39m }))\u001b[33m;\u001b[39m\n     \u001b[90m 26 |\u001b[39m     \u001b[90m// success or preflight OK\u001b[39m\n    \u001b[31m\u001b[1m>\u001b[22m\u001b[39m\u001b[90m 27 |\u001b[39m     expect([\u001b[35m200\u001b[39m\u001b[33m,\u001b[39m\u001b[35m201\u001b[39m\u001b[33m,\u001b[39m\u001b[35m204\u001b[39m\u001b[33m,\u001b[39m\u001b[35m400\u001b[39m])\u001b[33m.\u001b[39mtoContain(res\u001b[33m.\u001b[39mstatus)\u001b[33m;\u001b[39m\n     \u001b[90m    |\u001b[39m                               \u001b[31m\u001b[1m^\u001b[22m\u001b[39m\n     \u001b[90m 28 |\u001b[39m     \u001b[90m// @ts-ignore NextResponse-like headers\u001b[39m\n     \u001b[90m 29 |\u001b[39m     \u001b[36mconst\u001b[39m h \u001b[33m=\u001b[39m res\u001b[33m.\u001b[39mheaders \u001b[36mas\u001b[39m \u001b[33mHeaders\u001b[39m\u001b[33m;\u001b[39m\n     \u001b[90m 30 |\u001b[39m     expect(h\u001b[33m.\u001b[39m\u001b[36mget\u001b[39m(\u001b[32m'access-control-allow-origin'\u001b[39m))\u001b[33m.\u001b[39mtoBe(\u001b[32m'https://provider.example'\u001b[39m)\u001b[33m;\u001b[39m\u001b[0m\n\n      at Object.<anonymous> (unit/api.runtime.cors.headers.spec.ts:27:31)\n","name":"C:\\Users\\agafn\\Desktop\\education system 5\\tests\\unit\\api.runtime.cors.headers.spec.ts","startTime":1756202407871,"status":"failed","summary":""},{"assertionResults":[{"ancestorTitles":["Admin Reports (dashboard)"],"duration":2,"failureDetails":[{}],"failureMessages":["TypeError: cc.getAll is not a function\n    at AdminReportsPage (C:\\Users\\agafn\\Desktop\\education system 5\\apps\\web\\src\\app\\dashboard\\admin\\reports\\page.tsx:8:40)\n    at Object.<anonymous> (C:\\Users\\agafn\\Desktop\\education system 5\\tests\\unit\\ui\\AdminReports.spec.tsx:18:38)\n    at Promise.then.completed (C:\\Users\\agafn\\Desktop\\education system 5\\node_modules\\jest-circus\\build\\utils.js:298:28)\n    at new Promise (<anonymous>)\n    at callAsyncCircusFn (C:\\Users\\agafn\\Desktop\\education system 5\\node_modules\\jest-circus\\build\\utils.js:231:10)\n    at _callCircusTest (C:\\Users\\agafn\\Desktop\\education system 5\\node_modules\\jest-circus\\build\\run.js:316:40)\n    at _runTest (C:\\Users\\agafn\\Desktop\\education system 5\\node_modules\\jest-circus\\build\\run.js:252:3)\n    at _runTestsForDescribeBlock (C:\\Users\\agafn\\Desktop\\education system 5\\node_modules\\jest-circus\\build\\run.js:126:9)\n    at _runTestsForDescribeBlock (C:\\Users\\agafn\\Desktop\\education system 5\\node_modules\\jest-circus\\build\\run.js:121:9)\n    at run (C:\\Users\\agafn\\Desktop\\education system 5\\node_modules\\jest-circus\\build\\run.js:71:3)\n    at runAndTransformResultsToJestFormat (C:\\Users\\agafn\\Desktop\\education system 5\\node_modules\\jest-circus\\build\\legacy-code-todo-rewrite\\jestAdapterInit.js:122:21)\n    at jestAdapter (C:\\Users\\agafn\\Desktop\\education system 5\\node_modules\\jest-circus\\build\\legacy-code-todo-rewrite\\jestAdapter.js:79:19)\n    at runTestInternal (C:\\Users\\agafn\\Desktop\\education system 5\\node_modules\\jest-runner\\build\\runTest.js:367:16)\n    at runTest (C:\\Users\\agafn\\Desktop\\education system 5\\node_modules\\jest-runner\\build\\runTest.js:444:34)"],"fullName":"Admin Reports (dashboard) renders reports tiles","invocations":1,"location":null,"numPassingAsserts":0,"retryReasons":[],"status":"failed","title":"renders reports tile
[...]
,"invocations":1,"location":null,"numPassingAsserts":0,"retryReasons":[],"status":"todo","title":"admin can update role via PATCH /api/user/role"},{"ancestorTitles":["Epic I: Access Control & Permissions"],"duration":null,"failureDetails":[],"failureMessages":[],"fullName":"Epic I: Access Control & Permissions course ownership transfer endpoint enforces teacher/admin role","invocations":1,"location":null,"numPassingAsserts":0,"retryReasons":[],"status":"todo","title":"course ownership transfer endpoint enforces teacher/admin role"},{"ancestorTitles":["Epic I: Access Control & Permissions"],"duration":null,"failureDetails":[],"failureMessages":[],"fullName":"Epic I: Access Control & Permissions parent links CRUD restricted to admin","invocations":1,"location":null,"numPassingAsserts":0,"retryReasons":[],"status":"todo","title":"parent links CRUD restricted to admin"},{"ancestorTitles":["Epic I: Access Control & Permissions"],"duration":null,"failureDetails":[],"failureMessages":[],"fullName":"Epic I: Access Control & Permissions role gating applied to dashboards and course pages (SSR)","invocations":1,"location":null,"numPassingAsserts":0,"retryReasons":[],"status":"todo","title":"role gating applied to dashboards and course pages (SSR)"}],"endTime":1756202467681,"message":"","name":"C:\\Users\\agafn\\Desktop\\education system 5\\tests\\unit\\future.access-control.spec.ts","startTime":1756202467586,"status":"passed","summary":""},{"assertionResults":[{"ancestorTitles":["runtime checkpoint save/load"],"duration":2,"failureDetails":[],"failureMessages":[],"fullName":"runtime checkpoint save/load oversize payload rejected","invocations":1,"location":null,"numPassingAsserts":1,"retryReasons":[],"status":"passed","title":"oversize payload rejected"}],"endTime":1756202467806,"message":"","name":"C:\\Users\\agafn\\Desktop\\education system 5\\tests\\unit\\api.runtime.checkpoint.roundtrip.spec.ts","startTime":1756202467696,"status":"passed","summary":""},{"assertionResults":[{"ancestorTitles":["api.notifications (test-mode)"],"duration":4,"failureDetails":[],"failureMessages":[],"fullName":"api.notifications (test-mode) GET returns notifications array for logged-in user","invocations":1,"location":null,"numPassingAsserts":3,"retryReasons":[],"status":"passed","title":"GET returns notifications array for logged-in user"},{"ancestorTitles":["api.notifications (test-mode)"],"duration":3,"failureDetails":[],"failureMessages":[],"fullName":"api.notifications (test-mode) PATCH marks read and returns row","invocations":1,"location":null,"numPassingAsserts":3,"retryReasons":[],"status":"passed","title":"PATCH marks read and returns row"}],"endTime":1756202467957,"message":"","name":"C:\\Users\\agafn\\Desktop\\education system 5\\tests\\unit\\api.notifications.spec.ts","startTime":1756202467821,"status":"passed","summary":""},{"assertionResults":[{"ancestorTitles":["Labs/Student Enrollments Grid page"],"duration":1,"failureDetails":[],"failureMessages":[],"fullName":"Labs/Student Enrollments Grid page stubs /api/enrollments","invocations":1,"location":null,"numPassingAsserts":1,"retryReasons":[],"status":"passed","title":"stubs /api/enrollments"}],"endTime":1756202468102,"message":"","name":"C:\\Users\\agafn\\Desktop\\education system 5\\tests\\unit\\ui\\StudentEnrollmentsGrid.spec.tsx","startTime":1756202467990,"status":"passed","summary":""},{"assertionResults":[{"ancestorTitles":["runtime events CORS preflight"],"duration":4,"failureDetails":[],"failureMessages":[],"fullName":"runtime events CORS preflight OPTIONS returns 204 and access-control-allow-origin for allowed origin","invocations":1,"location":null,"numPassingAsserts":2,"retryReasons":[],"status":"passed","title":"OPTIONS returns 204 and access-control-allow-origin for allowed origin"}],"endTime":1756202468302,"message":"","name":"C:\\Users\\agafn\\Desktop\\education system 5\\tests\\unit\\api.runtime.events.preflight.spec.ts","startTime":1756202468120,"status":"passed","summary":""},{"assertionResults":[{"ancestorTitles":["GET /api/progress per_student access control (non-test mode)"],"duration":3,"failureDetails":[],"failureMessages":[],"fullName":"GET /api/progress per_student access control (non-test mode) teacher cannot read per-student aggregates for non-owned course -> 403","invocations":1,"location":null,"numPassingAsserts":1,"retryReasons":[],"status":"passed","title":"teacher cannot read per-student aggregates for non-owned course -> 403"}],"endTime":1756202468564,"message":"","name":"C:\\Users\\agafn\\Desktop\\education system 5\\tests\\unit\\api.progress.access.spec.ts","startTime":1756202468320,"status":"passed","summary":""},{"assertionResults":[{"ancestorTitles":["api.messages CSRF double-submit enforcement"],"duration":3,"failureDetails":[],"failureMessages":[],"fullName":"api.messages CSRF double-submit enforcement 403 when CSRF tokens missing or mismatched; 201 when matched","invocations":1,"location":null,"numPassingAsserts":3,"retryReasons":[],"status":"passed","title":"403 when CSRF tokens missing or mismatched; 201 when matched"}],"endTime":1756202468715,"message":"","name":"C:\\Users\\agafn\\Desktop\\education system 5\\tests\\unit\\api.messages.csrf-double-submit.spec.ts","startTime":1756202468580,"status":"passed","summary":""},{"assertionResults":[{"ancestorTitles":["parentLink schemas"],"duration":1,"failureDetails":[],"failureMessages":[],"fullName":"parentLink schemas parentLink schema shape","invocations":1,"location":null,"numPassingAsserts":1,"retryReasons":[],"status":"passed","title":"parentLink schema shape"},{"ancestorTitles":["parentLink schemas"],"duration":1,"failureDetails":[],"failureMessages":[],"fullName":"parentLink schemas create and delete requests validate","invocations":1,"location":null,"numPassingAsserts":2,"retryReasons":[],"status":"passed","title":"create and delete requests validate"}],"endTime":1756202468876,"message":"","name":"C:\\Users\\agafn\\Desktop\\education system 5\\tests\\unit\\schemas.parentLink.spec.ts","startTime":1756202468735,"status":"passed","summary":""},{"assertionResults":[{"ancestorTitles":["paginate helpers edge cases"],"duration":1,"failureDetails":[],"failureMessages":[],"fullName":"paginate helpers edge cases toQuery clamps defaults for undefined","invocations":1,"location":null,"numPassingAsserts":1,"retryReasons":[],"status":"passed","title":"toQuery clamps defaults for undefined"},{"ancestorTitles":["paginate helpers edge cases"],"duration":1,"failureDetails":[],"failureMessages":[],"fullName":"paginate helpers edge cases parseTotalCount returns undefined for invalid values","invocations":1,"location":null,"numPassingAsserts":4,"retryReasons":[],"status":"passed","title":"parseTotalCount returns undefined for invalid values"}],"endTime":1756202469026,"message":"","name":"C:\\Users\\agafn\\Desktop\\education system 5\\tests\\unit\\lib.paginate.edgecases.spec.ts","startTime":1756202468891,"status":"passed","summary":""},{"assertionResults":[{"ancestorTitles":["CORS preflight and allow headers"],"duration":1,"failureDetails":[],"failureMessages":[],"fullName":"CORS preflight and allow headers OPTIONS echoes allow headers for allowed origin","invocations":1,"location":null,"numPassingAsserts":2,"retryReasons":[],"status":"passed","title":"OPTIONS echoes allow headers for allowed origin"},{"ancestorTitles":["CORS preflight and allow headers"],"duration":1,"failureDetails":[],"failureMessages":[],"fullName":"CORS preflight and allow headers GET sets vary and allow-origin when origin allowed (no token path)","invocations":1,"location":null,"numPassingAsserts":1,"retryReasons":[],"status":"passed","title":"GET sets vary and allow-origin when origin allowed (no token path)"}],"endTime":1756202469185,"message":"","name":"C:\\Users\\agafn\\Desktop\\education system 5\\tests\\unit\\lib.cors.preflight.spec.ts","startTime":1756202469043,"status":"passed","summary":""},{"assertionResults":[{"ancestorTitles":["env loader"],"duration":11,"failureDetails":[],"failureMessages":[],"fullName":"env loader throws when missing required env","invocations":1,"location":null,"numPassingAsserts":1,"retryReasons":[],"status":"passed","title":"throws when missing required env"},{"ancestorTitles":["env loader"],"duration":0,"failureDetails":[],"failureMessages":[],"fullName":"env loader succeeds with valid env","invocations":1,"location":null,"numPassingAsserts":1,"retryReasons":[],"status":"passed","title":"succeeds with valid env"}],"endTime":1756202469306,"message":"","name":"C:\\Users\\agafn\\Desktop\\education system 5\\tests\\unit\\schemas.env.spec.ts","startTime":1756202469199,"status":"passed","summary":""},{"assertionResults":[{"ancestorTitles":["HealthGateway"],"duration":4,"failureDetails":[],"failureMessages":[],"fullName":"HealthGateway get() returns ok, ts shape","invocations":1,"location":null,"numPassingAsserts":2,"retryReasons":[],"status":"passed","title":"get() returns ok, ts shape"}],"endTime":1756202469429,"message":"","name":"C:\\Users\\agafn\\Desktop\\education system 5\\tests\\unit\\gateways\\health.gateway.spec.ts","startTime":1756202469325,"status":"passed","summary":""},{"assertionResults":[{"ancestorTitles":["submissions service (test-mode)"],"duration":2,"failureDetails":[],"failureMessages":[],"fullName":"submissions service (test-mode) create, list and grade submission triggers notification","invocations":1,"location":null,"numPassingAsserts":2,"retryReasons":[],"status":"passed","title":"create, list and grade submission triggers notification"}],"endTime":1756202469575,"message":"","name":"C:\\Users\\agafn\\Desktop\\education system 5\\tests\\unit\\services.submissions.spec.ts","startTime":1756202469451,"status":"passed","summary":""},{"assertionResults":[{"ancestorTitles":["files schema contracts (route IO shapes)"],"duration":2,"failureDetails":[],"failureMessages":[],"fullName":"files schema contracts (route IO shapes) upload-url request accepts default content_type","invocations":1,"location":null,"numPassingAsserts":1,"retryReasons":[],"status":"passed","title":"upload-url request accepts default content_type"},{"ancestorTitles":["files schema contracts (route IO shapes)"],"duration":1,"failureDetails":[],"failureMessages":[],"fullName":"files schema contracts (route IO shapes) upload-url response contains signed url and fields object","invocations":1,"location":null,"numPassingAsserts":1,"retryReasons":[],"status":"passed","title":"upload-url response contains signed url and fields object"}],"endTime":1756202469690,"message":"","name":"C:\\Users\\agafn\\Desktop\\education system 5\\tests\\unit\\schemas.files.spec.ts","startTime":1756202469593,"status":"passed","summary":""},{"assertionResults":[{"ancestorTitles":["fetchJson"],"duration":6,"failureDetails":[],"failureMessages":[],"fullName":"fetchJson throws on non-OK with error payload","invocations":1,"location":null,"numPassingAsserts":2,"retryReasons":[],"status":"passed","title":"throws on non-OK with error payload"},{"ancestorTitles":["fetchJson"],"duration":3,"failureDetails":[],"failureMessages":[],"fullName":"fetchJson validates ok JSON against schema","invocations":1,"location":null,"numPassingAsserts":1,"retryReasons":[],"status":"passed","title":"validates ok JSON against schema"}],"endTime":1756202469811,"message":"","name":"C:\\Users\\agafn\\Desktop\\education system 5\\tests\\unit\\sdk.fetchJson.spec.ts","startTime":1756202469694,"status":"passed","summary":""},{"assertionResults":[{"ancestorTitles":["services.assignments producer (test-mode)"],"duration":1,"failureDetails":[],"failureMessages":[],"fullName":"services.assignments producer (test-mode) createAssignmentApi enqueues notification to enrolled students","invocations":1,"location":null,"numPassingAsserts":2,"retryReasons":[],"status":"passed","title":"createAssignmentApi enqueues notification to enrolled students"}],"endTime":1756202469944,"message":"","name":"C:\\Users\\agafn\\Desktop\\education system 5\\tests\\unit\\services.assignments.producer.spec.ts","startTime":1756202469814,"status":"passed","summary":""},{"assertionResults":[{"ancestorTitles":["env numeric bounds validation"],"duration":9,"failureDetails":[],"failureMessages":[],"fullName":"env numeric bounds validation negative GLOBAL_MUTATION_RATE_LIMIT throws","invocations":1,"location":null,"numPassingAsserts":1,"retryReasons":[],"status":"passed","title":"negative GLOBAL_MUTATION_RATE_LIMIT throws"},{"ancestorTitles":["env numeric bounds validation"],"duration":1,"failureDetails":[],"failureMessages":[],"fullName":"env numeric bounds validation non-numeric WINDOW throws","invocations":1,"location":null,"numPassingAsserts":1,"retryReasons":[],"status":"passed","title":"non-numeric WINDOW throws"}],"endTime":1756202470066,"message":"","name":"C:\\Users\\agafn\\Desktop\\education system 5\\tests\\unit\\schemas.env.numeric-bounds.spec.ts","startTime":1756202469947,"status":"passed","summary":""},{"assertionResults":[{"ancestorTitles":["Profile avatar upload (future)"],"duration":null,"failureDetails":[],"failureMessages":[],"fullName":"Profile avatar upload (future) PUT /api/user/profile accepts avatar_url and returns 200","invocations":1,"location":null,"numPassingAsserts":0,"retryReasons":[],"status":"todo","title":"PUT /api/user/profile accepts avatar_url and returns 200"},{"ancestorTitles":["Profile avatar upload (future)"],"duration":null,"failureDetails":[],"failureMessages":[],"fullName":"Profile avatar upload (future) avatar upload via signed URL (files API) updates profile avatar_url","invocations":1,"location":null,"numPassingAsserts":0,"retryReasons":[],"status":"todo","title":"avatar upload via signed URL (files API) updates profile avatar_url"}],"endTime":1756202470171,"message":"","name":"C:\\Users\\agafn\\Desktop\\education system 5\\tests\\unit\\future.profile-avatar.spec.ts","startTime":1756202470069,"status":"passed","summary":""},{"assertionResults":[{"ancestorTitles":["services.files signing (test store)"],"duration":1,"failureDetails":[],"failureMessages":[],"fullName":"services.files signing (test store) upload/download signing uses correct bucket/key, content types (simulated)","invocations":1,"location":null,"numPassingAsserts":2,"retryReasons":[],"status":"passed","title":"upload/download signing uses correct bucket/key, content types (simulated)"}],"endTime":1756202470303,"message":"","name":"C:\\Users\\agafn\\Desktop\\education system 5\\tests\\unit\\services.files.signing.spec.ts","startTime":1756202470175,"status":"passed","summary":""},{"assertionResults":[{"ancestorTitles":["middleware security headers"],"duration":2,"failureDetails":[],"failureMessages":[],"fullName":"middleware security headers sets X-Frame-Options: DENY and CSP frame-ancestors none","invocations":1,"location":null,"numPassingAsserts":2,"retryReasons":[],"status":"passed","title":"sets X-Frame-Options: DENY and CSP frame-ancestors none"}],"endTime":1756202470464,"message":"","name":"C:\\Users\\agafn\\Desktop\\education system 5\\tests\\unit\\middleware.security-headers.spec.ts","startTime":1756202470306,"status":"passed","summary":""},{"assertionResults":[{"ancestorTitles":["schema strictness"],"duration":1,"failureDetails":[],"failureMessages":[],"fullName":"schema strictness assignmentCreateRequest rejects unknown keys","invocations":1,"location":null,"numPassingAsserts":1,"retryReasons":[],"status":"passed","title":"assignmentCreateRequest rejects unknown keys"},{"ancestorTitles":["schema strictness"],"duration":1,"failureDetails":[],"failureMessages":[],"fullName":"schema strictness assignmentUpdateRequest rejects empty and unknown keys","invocations":1,"location":null,"numPassingAsserts":2,"retryReasons":[],"status":"passed","title":"assignmentUpdateRequest rejects empty and unknown keys"},{"ancestorTitles":["schema strictness"],"duration":0,"failureDetails":[],"failureMessages":[],"fullName":"schema strictness courseCreateRequest rejects unknown keys","invocations":1,"location":null,"numPassingAsserts":1,"retryReasons":[],"status":"passed","title":"courseCreateRequest rejects unknown keys"}],"endTime":1756202470615,"message":"","name":"C:\\Users\\agafn\\Desktop\\education system 5\\tests\\unit\\schemas.strictness.spec.ts","startTime":1756202470469,"status":"passed","summary":""},{"assertionResults":[{"ancestorTitles":["security headers (CSP frame-ancestors + X-Frame-Options)"],"duration":6,"failureDetails":[],"failureMessages":[],"fullName":"security headers (CSP frame-ancestors + X-Frame-Options) middleware sets CSP frame-ancestors none and X-Frame-Options DENY","invocations":1,"location":null,"numPassingAsserts":2,"retryReasons":[],"status":"passed","title":"middleware sets CSP frame-ancestors none and X-Frame-Options DENY"}],"endTime":1756202470766,"message":"","name":"C:\\Users\\agafn\\Desktop\\education system 5\\tests\\unit\\api.headers.security.spec.ts","startTime":1756202470620,"status":"passed","summary":""},{"assertionResults":[{"ancestorTitles":["submission schemas"],"duration":3,"failureDetails":[],"failureMessages":[],"fullName":"submission schemas submission schema","invocations":1,"location":null,"numPassingAsserts":1,"retryReasons":[],"status":"passed","title":"submission schema"},{"ancestorTitles":["submission schemas"],"duration":7,"failureDetails":[],"failureMessages":[],"fullName":"submission schemas submissionCreateRequest validates","invocations":1,"location":null,"numPassingAsserts":2,"retryReasons":[],"status":"passed","title":"submissionCreateRequest validates"},{"ancestorTitles":["submission schemas"],"duration":1,"failureDetails":[],"failureMessages":[],"fullName":"submission schemas submissionGradeRequest validates range","invocations":1,"location":null,"numPassingAsserts":3,"retryReasons":[],"status":"passed","title":"submissionGradeRequest validates range"}],"endTime":1756202470961,"message":"","name":"C:\\Users\\agafn\\Desktop\\education system 5\\tests\\unit\\schemas.submission.spec.ts","startTime":1756202470792,"status":"passed","summary":""},{"assertionResults":[{"ancestorTitles":["production guards (middleware)"],"duration":3,"failureDetails":[],"failureMessages":[],"fullName":"production guards (middleware) rejects x-test-auth when not in test mode","invocations":1,"location":null,"numPassingAsserts":2,"retryReasons":[],"status":"passed","title":"rejects x-test-auth when not in test mode"},{"ancestorTitles":["production guards (middleware)"],"duration":1,"failureDetails":[],"failureMessages":[],"fullName":"production guards (middleware) errors when TEST_MODE is set in production","invocations":1,"location":null,"numPassingAsserts":1,"retryReasons":[],"status":"passed","title":"errors when TEST_MODE is set in production"}],"endTime":1756202471127,"message":"","name":"C:\\Users\\agafn\\Desktop\\education system 5\\tests\\unit\\api.modes.prod-guards.spec.ts","startTime":1756202470988,"status":"passed","summary":""},{"assertionResults":[{"ancestorTitles":["CSP builder"],"duration":1,"failureDetails":[],"failureMessages":[],"fullName":"CSP builder includes nonce and allowed connect-src","invocations":1,"location":null,"numPassingAsserts":2,"retryReasons":[],"status":"passed","title":"includes nonce and allowed connect-src"}],"endTime":1756202471289,"message":"","name":"C:\\Users\\agafn\\Desktop\\education system 5\\tests\\unit\\lib.csp.headers.spec.ts","startTime":1756202471142,"status":"passed","summary":""},{"assertionResults":[{"ancestorTitles":["users service (test-mode)"],"duration":2,"failureDetails":[],"failureMessages":[],"fullName":"users service (test-mode) updateUserRole stores role in test profile","invocations":1,"location":null,"numPassingAsserts":1,"retryReasons":[],"status":"passed","title":"updateUserRole stores role in test profile"}],"endTime":1756202471444,"message":"","name":"C:\\Users\\agafn\\Desktop\\education system 5\\tests\\unit\\services.users.spec.ts","startTime":1756202471305,"status":"passed","summary":""}],"wasInterrupted":false}
